2022/11/20 09:21:34 [emerg] 1#1: cannot load certificate "/var/www/docker/nginx/nginx-selfsigned.crt": BIO_new_file() failed (SSL: error:02001002:system library:fopen:No such file or directory:fopen('/var/www/docker/nginx/nginx-selfsigned.crt','r') error:2006D080:BIO routines:BIO_new_file:no such file)
2022/11/20 09:29:20 [emerg] 1#1: cannot load certificate "/etc/nginx/nginx-selfsigned.crt": BIO_new_file() failed (SSL: error:02001002:system library:fopen:No such file or directory:fopen('/etc/nginx/nginx-selfsigned.crt','r') error:2006D080:BIO routines:BIO_new_file:no such file)
2022/11/20 09:52:04 [emerg] 1#1: cannot load certificate "/etc/nginx/../ssl/nginx-selfsigned.crt": BIO_new_file() failed (SSL: error:02001002:system library:fopen:No such file or directory:fopen('/etc/nginx/../ssl/nginx-selfsigned.crt','r') error:2006D080:BIO routines:BIO_new_file:no such file)
2022/11/20 09:52:06 [emerg] 1#1: cannot load certificate "/etc/nginx/../ssl/nginx-selfsigned.crt": BIO_new_file() failed (SSL: error:02001002:system library:fopen:No such file or directory:fopen('/etc/nginx/../ssl/nginx-selfsigned.crt','r') error:2006D080:BIO routines:BIO_new_file:no such file)
2022/11/20 09:52:08 [emerg] 1#1: cannot load certificate "/etc/nginx/../ssl/nginx-selfsigned.crt": BIO_new_file() failed (SSL: error:02001002:system library:fopen:No such file or directory:fopen('/etc/nginx/../ssl/nginx-selfsigned.crt','r') error:2006D080:BIO routines:BIO_new_file:no such file)
2022/11/20 09:52:10 [emerg] 1#1: cannot load certificate "/etc/nginx/../ssl/nginx-selfsigned.crt": BIO_new_file() failed (SSL: error:02001002:system library:fopen:No such file or directory:fopen('/etc/nginx/../ssl/nginx-selfsigned.crt','r') error:2006D080:BIO routines:BIO_new_file:no such file)
2022/11/20 09:52:12 [emerg] 1#1: cannot load certificate "/etc/nginx/../ssl/nginx-selfsigned.crt": BIO_new_file() failed (SSL: error:02001002:system library:fopen:No such file or directory:fopen('/etc/nginx/../ssl/nginx-selfsigned.crt','r') error:2006D080:BIO routines:BIO_new_file:no such file)
2022/11/20 09:52:15 [emerg] 1#1: cannot load certificate "/etc/nginx/../ssl/nginx-selfsigned.crt": BIO_new_file() failed (SSL: error:02001002:system library:fopen:No such file or directory:fopen('/etc/nginx/../ssl/nginx-selfsigned.crt','r') error:2006D080:BIO routines:BIO_new_file:no such file)
2022/11/20 09:52:20 [emerg] 1#1: cannot load certificate "/etc/nginx/../ssl/nginx-selfsigned.crt": BIO_new_file() failed (SSL: error:02001002:system library:fopen:No such file or directory:fopen('/etc/nginx/../ssl/nginx-selfsigned.crt','r') error:2006D080:BIO routines:BIO_new_file:no such file)
2022/11/20 09:52:27 [emerg] 1#1: cannot load certificate "/etc/nginx/../ssl/nginx-selfsigned.crt": BIO_new_file() failed (SSL: error:02001002:system library:fopen:No such file or directory:fopen('/etc/nginx/../ssl/nginx-selfsigned.crt','r') error:2006D080:BIO routines:BIO_new_file:no such file)
2022/11/20 09:52:41 [emerg] 1#1: cannot load certificate "/etc/nginx/../ssl/nginx-selfsigned.crt": BIO_new_file() failed (SSL: error:02001002:system library:fopen:No such file or directory:fopen('/etc/nginx/../ssl/nginx-selfsigned.crt','r') error:2006D080:BIO routines:BIO_new_file:no such file)
2022/11/20 09:53:08 [emerg] 1#1: cannot load certificate "/etc/nginx/../ssl/nginx-selfsigned.crt": BIO_new_file() failed (SSL: error:02001002:system library:fopen:No such file or directory:fopen('/etc/nginx/../ssl/nginx-selfsigned.crt','r') error:2006D080:BIO routines:BIO_new_file:no such file)
2022/11/20 09:54:01 [emerg] 1#1: cannot load certificate "/etc/nginx/../ssl/nginx-selfsigned.crt": BIO_new_file() failed (SSL: error:02001002:system library:fopen:No such file or directory:fopen('/etc/nginx/../ssl/nginx-selfsigned.crt','r') error:2006D080:BIO routines:BIO_new_file:no such file)
2022/11/20 09:55:02 [emerg] 1#1: cannot load certificate "/etc/nginx/../ssl/nginx-selfsigned.crt": BIO_new_file() failed (SSL: error:02001002:system library:fopen:No such file or directory:fopen('/etc/nginx/../ssl/nginx-selfsigned.crt','r') error:2006D080:BIO routines:BIO_new_file:no such file)
2022/11/20 09:55:58 [notice] 1#1: using the "epoll" event method
2022/11/20 09:55:58 [notice] 1#1: nginx/1.23.2
2022/11/20 09:55:58 [notice] 1#1: built by gcc 10.2.1 20210110 (Debian 10.2.1-6) 
2022/11/20 09:55:58 [notice] 1#1: OS: Linux 5.10.16.3-microsoft-standard-WSL2
2022/11/20 09:55:58 [notice] 1#1: getrlimit(RLIMIT_NOFILE): 1048576:1048576
2022/11/20 09:55:58 [notice] 1#1: start worker processes
2022/11/20 09:55:58 [notice] 1#1: start worker process 21
2022/11/20 09:55:58 [notice] 1#1: start worker process 22
2022/11/20 09:55:58 [notice] 1#1: start worker process 23
2022/11/20 09:55:58 [notice] 1#1: start worker process 24
2022/11/20 09:55:58 [notice] 1#1: start worker process 25
2022/11/20 09:55:58 [notice] 1#1: start worker process 26
2022/11/20 09:55:58 [notice] 1#1: start worker process 27
2022/11/20 09:55:58 [notice] 1#1: start worker process 28
2022/11/20 09:55:58 [notice] 1#1: start worker process 29
2022/11/20 09:55:58 [notice] 1#1: start worker process 30
2022/11/20 09:55:58 [notice] 1#1: start worker process 31
2022/11/20 09:55:58 [notice] 1#1: start worker process 32
2022/11/20 09:56:18 [crit] 21#21: *1 realpath() "/var/www/html" failed (2: No such file or directory), client: 172.18.0.1, server: _, request: "GET / HTTP/1.1", host: "172.23.106.37:8000"
2022/11/20 09:56:18 [error] 21#21: *1 connect() failed (111: Connection refused) while connecting to upstream, client: 172.18.0.1, server: _, request: "GET / HTTP/1.1", upstream: "fastcgi://127.0.0.1:9000", host: "172.23.106.37:8000"
2022/11/20 10:00:38 [notice] 1#1: signal 3 (SIGQUIT) received, shutting down
2022/11/20 10:00:38 [notice] 21#21: gracefully shutting down
2022/11/20 10:00:38 [notice] 22#22: gracefully shutting down
2022/11/20 10:00:38 [notice] 21#21: exiting
2022/11/20 10:00:38 [notice] 23#23: gracefully shutting down
2022/11/20 10:00:38 [notice] 22#22: exiting
2022/11/20 10:00:38 [notice] 24#24: gracefully shutting down
2022/11/20 10:00:38 [notice] 23#23: exiting
2022/11/20 10:00:38 [notice] 25#25: gracefully shutting down
2022/11/20 10:00:38 [notice] 24#24: exiting
2022/11/20 10:00:38 [notice] 26#26: gracefully shutting down
2022/11/20 10:00:38 [notice] 25#25: exiting
2022/11/20 10:00:38 [notice] 27#27: gracefully shutting down
2022/11/20 10:00:38 [notice] 26#26: exiting
2022/11/20 10:00:38 [notice] 28#28: gracefully shutting down
2022/11/20 10:00:38 [notice] 27#27: exiting
2022/11/20 10:00:38 [notice] 29#29: gracefully shutting down
2022/11/20 10:00:38 [notice] 30#30: gracefully shutting down
2022/11/20 10:00:38 [notice] 31#31: gracefully shutting down
2022/11/20 10:00:38 [notice] 28#28: exiting
2022/11/20 10:00:38 [notice] 29#29: exiting
2022/11/20 10:00:38 [notice] 22#22: exit
2022/11/20 10:00:38 [notice] 21#21: exit
2022/11/20 10:00:38 [notice] 31#31: exiting
2022/11/20 10:00:38 [notice] 23#23: exit
2022/11/20 10:00:38 [notice] 30#30: exiting
2022/11/20 10:00:38 [notice] 24#24: exit
2022/11/20 10:00:38 [notice] 25#25: exit
2022/11/20 10:00:38 [notice] 26#26: exit
2022/11/20 10:00:38 [notice] 27#27: exit
2022/11/20 10:00:38 [notice] 28#28: exit
2022/11/20 10:00:38 [notice] 29#29: exit
2022/11/20 10:00:38 [notice] 30#30: exit
2022/11/20 10:00:38 [notice] 31#31: exit
2022/11/20 10:00:38 [notice] 32#32: gracefully shutting down
2022/11/20 10:00:38 [notice] 32#32: exiting
2022/11/20 10:00:38 [notice] 32#32: exit
2022/11/20 10:00:38 [notice] 1#1: signal 17 (SIGCHLD) received from 31
2022/11/20 10:00:38 [notice] 1#1: worker process 24 exited with code 0
2022/11/20 10:00:38 [notice] 1#1: worker process 28 exited with code 0
2022/11/20 10:00:38 [notice] 1#1: worker process 31 exited with code 0
2022/11/20 10:00:38 [notice] 1#1: signal 29 (SIGIO) received
2022/11/20 10:00:38 [notice] 1#1: signal 17 (SIGCHLD) received from 24
2022/11/20 10:00:38 [notice] 1#1: signal 17 (SIGCHLD) received from 29
2022/11/20 10:00:38 [notice] 1#1: worker process 29 exited with code 0
2022/11/20 10:00:38 [notice] 1#1: signal 29 (SIGIO) received
2022/11/20 10:00:38 [notice] 1#1: signal 17 (SIGCHLD) received from 25
2022/11/20 10:00:38 [notice] 1#1: worker process 22 exited with code 0
2022/11/20 10:00:38 [notice] 1#1: worker process 23 exited with code 0
2022/11/20 10:00:38 [notice] 1#1: worker process 25 exited with code 0
2022/11/20 10:00:38 [notice] 1#1: signal 29 (SIGIO) received
2022/11/20 10:00:38 [notice] 1#1: signal 17 (SIGCHLD) received from 32
2022/11/20 10:00:38 [notice] 1#1: worker process 21 exited with code 0
2022/11/20 10:00:38 [notice] 1#1: worker process 26 exited with code 0
2022/11/20 10:00:38 [notice] 1#1: worker process 30 exited with code 0
2022/11/20 10:00:38 [notice] 1#1: worker process 32 exited with code 0
2022/11/20 10:00:38 [notice] 1#1: signal 29 (SIGIO) received
2022/11/20 10:00:38 [notice] 1#1: signal 17 (SIGCHLD) received from 27
2022/11/20 10:00:38 [notice] 1#1: worker process 27 exited with code 0
2022/11/20 10:00:38 [notice] 1#1: exit
2022/11/20 10:00:40 [notice] 1#1: using the "epoll" event method
2022/11/20 10:00:40 [notice] 1#1: nginx/1.23.2
2022/11/20 10:00:40 [notice] 1#1: built by gcc 10.2.1 20210110 (Debian 10.2.1-6) 
2022/11/20 10:00:40 [notice] 1#1: OS: Linux 5.10.16.3-microsoft-standard-WSL2
2022/11/20 10:00:40 [notice] 1#1: getrlimit(RLIMIT_NOFILE): 1048576:1048576
2022/11/20 10:00:40 [notice] 1#1: start worker processes
2022/11/20 10:00:40 [notice] 1#1: start worker process 21
2022/11/20 10:00:40 [notice] 1#1: start worker process 22
2022/11/20 10:00:40 [notice] 1#1: start worker process 23
2022/11/20 10:00:40 [notice] 1#1: start worker process 24
2022/11/20 10:00:40 [notice] 1#1: start worker process 25
2022/11/20 10:00:40 [notice] 1#1: start worker process 26
2022/11/20 10:00:40 [notice] 1#1: start worker process 27
2022/11/20 10:00:40 [notice] 1#1: start worker process 28
2022/11/20 10:00:40 [notice] 1#1: start worker process 29
2022/11/20 10:00:40 [notice] 1#1: start worker process 30
2022/11/20 10:00:40 [notice] 1#1: start worker process 31
2022/11/20 10:00:40 [notice] 1#1: start worker process 32
2022/11/20 10:00:52 [crit] 21#21: *3 realpath() "/var/www/html" failed (2: No such file or directory), client: 172.18.0.1, server: localhost, request: "GET / HTTP/1.1", host: "172.23.106.37:8000"
2022/11/20 10:00:52 [error] 21#21: *3 connect() failed (111: Connection refused) while connecting to upstream, client: 172.18.0.1, server: localhost, request: "GET / HTTP/1.1", upstream: "fastcgi://127.0.0.1:9000", host: "172.23.106.37:8000"
2022/11/20 10:04:52 [notice] 1#1: signal 3 (SIGQUIT) received, shutting down
2022/11/20 10:04:52 [notice] 21#21: gracefully shutting down
2022/11/20 10:04:52 [notice] 22#22: gracefully shutting down
2022/11/20 10:04:52 [notice] 21#21: exiting
2022/11/20 10:04:52 [notice] 22#22: exiting
2022/11/20 10:04:52 [notice] 23#23: gracefully shutting down
2022/11/20 10:04:52 [notice] 24#24: gracefully shutting down
2022/11/20 10:04:52 [notice] 23#23: exiting
2022/11/20 10:04:52 [notice] 25#25: gracefully shutting down
2022/11/20 10:04:52 [notice] 24#24: exiting
2022/11/20 10:04:52 [notice] 25#25: exiting
2022/11/20 10:04:52 [notice] 26#26: gracefully shutting down
2022/11/20 10:04:52 [notice] 27#27: gracefully shutting down
2022/11/20 10:04:52 [notice] 26#26: exiting
2022/11/20 10:04:52 [notice] 28#28: gracefully shutting down
2022/11/20 10:04:52 [notice] 27#27: exiting
2022/11/20 10:04:52 [notice] 29#29: gracefully shutting down
2022/11/20 10:04:52 [notice] 28#28: exiting
2022/11/20 10:04:52 [notice] 30#30: gracefully shutting down
2022/11/20 10:04:52 [notice] 31#31: gracefully shutting down
2022/11/20 10:04:52 [notice] 29#29: exiting
2022/11/20 10:04:52 [notice] 21#21: exit
2022/11/20 10:04:52 [notice] 22#22: exit
2022/11/20 10:04:52 [notice] 30#30: exiting
2022/11/20 10:04:52 [notice] 23#23: exit
2022/11/20 10:04:52 [notice] 31#31: exiting
2022/11/20 10:04:52 [notice] 24#24: exit
2022/11/20 10:04:52 [notice] 25#25: exit
2022/11/20 10:04:52 [notice] 26#26: exit
2022/11/20 10:04:52 [notice] 27#27: exit
2022/11/20 10:04:52 [notice] 28#28: exit
2022/11/20 10:04:52 [notice] 29#29: exit
2022/11/20 10:04:52 [notice] 31#31: exit
2022/11/20 10:04:52 [notice] 30#30: exit
2022/11/20 10:04:52 [notice] 32#32: gracefully shutting down
2022/11/20 10:04:52 [notice] 32#32: exiting
2022/11/20 10:04:52 [notice] 32#32: exit
2022/11/20 10:04:53 [notice] 1#1: signal 17 (SIGCHLD) received from 25
2022/11/20 10:04:53 [notice] 1#1: worker process 23 exited with code 0
2022/11/20 10:04:53 [notice] 1#1: worker process 21 exited with code 0
2022/11/20 10:04:53 [notice] 1#1: worker process 25 exited with code 0
2022/11/20 10:04:53 [notice] 1#1: worker process 26 exited with code 0
2022/11/20 10:04:53 [notice] 1#1: worker process 27 exited with code 0
2022/11/20 10:04:53 [notice] 1#1: worker process 28 exited with code 0
2022/11/20 10:04:53 [notice] 1#1: worker process 29 exited with code 0
2022/11/20 10:04:53 [notice] 1#1: worker process 30 exited with code 0
2022/11/20 10:04:53 [notice] 1#1: worker process 32 exited with code 0
2022/11/20 10:04:53 [notice] 1#1: signal 29 (SIGIO) received
2022/11/20 10:04:53 [notice] 1#1: signal 17 (SIGCHLD) received from 28
2022/11/20 10:04:53 [notice] 1#1: signal 17 (SIGCHLD) received from 31
2022/11/20 10:04:53 [notice] 1#1: worker process 31 exited with code 0
2022/11/20 10:04:53 [notice] 1#1: signal 29 (SIGIO) received
2022/11/20 10:04:53 [notice] 1#1: signal 17 (SIGCHLD) received from 22
2022/11/20 10:04:53 [notice] 1#1: worker process 22 exited with code 0
2022/11/20 10:04:53 [notice] 1#1: signal 29 (SIGIO) received
2022/11/20 10:04:53 [notice] 1#1: signal 17 (SIGCHLD) received from 24
2022/11/20 10:04:53 [notice] 1#1: worker process 24 exited with code 0
2022/11/20 10:04:53 [notice] 1#1: exit
2022/11/20 10:04:55 [notice] 1#1: using the "epoll" event method
2022/11/20 10:04:55 [notice] 1#1: nginx/1.23.2
2022/11/20 10:04:55 [notice] 1#1: built by gcc 10.2.1 20210110 (Debian 10.2.1-6) 
2022/11/20 10:04:55 [notice] 1#1: OS: Linux 5.10.16.3-microsoft-standard-WSL2
2022/11/20 10:04:55 [notice] 1#1: getrlimit(RLIMIT_NOFILE): 1048576:1048576
2022/11/20 10:04:55 [notice] 1#1: start worker processes
2022/11/20 10:04:55 [notice] 1#1: start worker process 21
2022/11/20 10:04:55 [notice] 1#1: start worker process 22
2022/11/20 10:04:55 [notice] 1#1: start worker process 23
2022/11/20 10:04:55 [notice] 1#1: start worker process 24
2022/11/20 10:04:55 [notice] 1#1: start worker process 25
2022/11/20 10:04:55 [notice] 1#1: start worker process 26
2022/11/20 10:04:55 [notice] 1#1: start worker process 27
2022/11/20 10:04:55 [notice] 1#1: start worker process 28
2022/11/20 10:04:55 [notice] 1#1: start worker process 29
2022/11/20 10:04:55 [notice] 1#1: start worker process 30
2022/11/20 10:04:55 [notice] 1#1: start worker process 31
2022/11/20 10:04:55 [notice] 1#1: start worker process 32
2022/11/20 10:05:07 [crit] 21#21: *1 realpath() "/var/www/html" failed (2: No such file or directory), client: 172.18.0.1, server: localhost, request: "GET / HTTP/1.1", host: "172.23.106.37:8081"
2022/11/20 10:05:07 [error] 21#21: *1 connect() failed (111: Connection refused) while connecting to upstream, client: 172.18.0.1, server: localhost, request: "GET / HTTP/1.1", upstream: "fastcgi://127.0.0.1:9000", host: "172.23.106.37:8081"
2022/11/20 10:06:40 [notice] 1#1: signal 3 (SIGQUIT) received, shutting down
2022/11/20 10:06:40 [notice] 21#21: gracefully shutting down
2022/11/20 10:06:40 [notice] 22#22: gracefully shutting down
2022/11/20 10:06:40 [notice] 21#21: exiting
2022/11/20 10:06:40 [notice] 22#22: exiting
2022/11/20 10:06:40 [notice] 23#23: gracefully shutting down
2022/11/20 10:06:40 [notice] 24#24: gracefully shutting down
2022/11/20 10:06:40 [notice] 24#24: exiting
2022/11/20 10:06:40 [notice] 23#23: exiting
2022/11/20 10:06:40 [notice] 29#29: gracefully shutting down
2022/11/20 10:06:40 [notice] 31#31: gracefully shutting down
2022/11/20 10:06:40 [notice] 25#25: gracefully shutting down
2022/11/20 10:06:40 [notice] 29#29: exiting
2022/11/20 10:06:40 [notice] 31#31: exiting
2022/11/20 10:06:40 [notice] 25#25: exiting
2022/11/20 10:06:40 [notice] 22#22: exit
2022/11/20 10:06:40 [notice] 21#21: exit
2022/11/20 10:06:40 [notice] 28#28: gracefully shutting down
2022/11/20 10:06:40 [notice] 24#24: exit
2022/11/20 10:06:40 [notice] 23#23: exit
2022/11/20 10:06:40 [notice] 28#28: exiting
2022/11/20 10:06:40 [notice] 29#29: exit
2022/11/20 10:06:40 [notice] 25#25: exit
2022/11/20 10:06:40 [notice] 31#31: exit
2022/11/20 10:06:40 [notice] 28#28: exit
2022/11/20 10:06:40 [notice] 32#32: gracefully shutting down
2022/11/20 10:06:40 [notice] 30#30: gracefully shutting down
2022/11/20 10:06:40 [notice] 32#32: exiting
2022/11/20 10:06:40 [notice] 30#30: exiting
2022/11/20 10:06:40 [notice] 27#27: gracefully shutting down
2022/11/20 10:06:40 [notice] 32#32: exit
2022/11/20 10:06:40 [notice] 27#27: exiting
2022/11/20 10:06:40 [notice] 30#30: exit
2022/11/20 10:06:40 [notice] 27#27: exit
2022/11/20 10:06:40 [notice] 26#26: gracefully shutting down
2022/11/20 10:06:40 [notice] 26#26: exiting
2022/11/20 10:06:40 [notice] 26#26: exit
2022/11/20 10:06:40 [notice] 1#1: signal 17 (SIGCHLD) received from 30
2022/11/20 10:06:40 [notice] 1#1: worker process 23 exited with code 0
2022/11/20 10:06:40 [notice] 1#1: worker process 27 exited with code 0
2022/11/20 10:06:40 [notice] 1#1: worker process 28 exited with code 0
2022/11/20 10:06:40 [notice] 1#1: worker process 29 exited with code 0
2022/11/20 10:06:40 [notice] 1#1: worker process 30 exited with code 0
2022/11/20 10:06:40 [notice] 1#1: signal 29 (SIGIO) received
2022/11/20 10:06:40 [notice] 1#1: signal 17 (SIGCHLD) received from 29
2022/11/20 10:06:40 [notice] 1#1: signal 17 (SIGCHLD) received from 25
2022/11/20 10:06:40 [notice] 1#1: worker process 25 exited with code 0
2022/11/20 10:06:40 [notice] 1#1: signal 29 (SIGIO) received
2022/11/20 10:06:40 [notice] 1#1: signal 17 (SIGCHLD) received from 24
2022/11/20 10:06:40 [notice] 1#1: worker process 21 exited with code 0
2022/11/20 10:06:40 [notice] 1#1: worker process 24 exited with code 0
2022/11/20 10:06:40 [notice] 1#1: worker process 31 exited with code 0
2022/11/20 10:06:40 [notice] 1#1: signal 29 (SIGIO) received
2022/11/20 10:06:40 [notice] 1#1: signal 17 (SIGCHLD) received from 32
2022/11/20 10:06:40 [notice] 1#1: worker process 22 exited with code 0
2022/11/20 10:06:40 [notice] 1#1: worker process 32 exited with code 0
2022/11/20 10:06:40 [notice] 1#1: signal 29 (SIGIO) received
2022/11/20 10:06:40 [notice] 1#1: signal 17 (SIGCHLD) received from 26
2022/11/20 10:06:40 [notice] 1#1: worker process 26 exited with code 0
2022/11/20 10:06:40 [notice] 1#1: exit
2022/11/20 10:06:52 [notice] 1#1: using the "epoll" event method
2022/11/20 10:06:52 [notice] 1#1: nginx/1.23.2
2022/11/20 10:06:52 [notice] 1#1: built by gcc 10.2.1 20210110 (Debian 10.2.1-6) 
2022/11/20 10:06:52 [notice] 1#1: OS: Linux 5.10.16.3-microsoft-standard-WSL2
2022/11/20 10:06:52 [notice] 1#1: getrlimit(RLIMIT_NOFILE): 1048576:1048576
2022/11/20 10:06:52 [notice] 1#1: start worker processes
2022/11/20 10:06:52 [notice] 1#1: start worker process 28
2022/11/20 10:06:52 [notice] 1#1: start worker process 29
2022/11/20 10:06:52 [notice] 1#1: start worker process 30
2022/11/20 10:06:52 [notice] 1#1: start worker process 31
2022/11/20 10:06:52 [notice] 1#1: start worker process 32
2022/11/20 10:06:52 [notice] 1#1: start worker process 33
2022/11/20 10:06:52 [notice] 1#1: start worker process 34
2022/11/20 10:06:52 [notice] 1#1: start worker process 35
2022/11/20 10:06:52 [notice] 1#1: start worker process 36
2022/11/20 10:06:52 [notice] 1#1: start worker process 37
2022/11/20 10:06:52 [notice] 1#1: start worker process 38
2022/11/20 10:06:52 [notice] 1#1: start worker process 39
2022/11/20 10:06:54 [crit] 28#28: *1 realpath() "/var/www/html" failed (2: No such file or directory), client: 172.20.0.1, server: localhost, request: "GET / HTTP/1.1", host: "172.23.106.37:8081"
2022/11/20 10:06:54 [error] 28#28: *1 connect() failed (111: Connection refused) while connecting to upstream, client: 172.20.0.1, server: localhost, request: "GET / HTTP/1.1", upstream: "fastcgi://127.0.0.1:9000", host: "172.23.106.37:8081"
2022/11/20 10:06:55 [crit] 28#28: *1 realpath() "/var/www/html" failed (2: No such file or directory), client: 172.20.0.1, server: localhost, request: "GET / HTTP/1.1", host: "172.23.106.37:8081"
2022/11/20 10:06:55 [error] 28#28: *1 connect() failed (111: Connection refused) while connecting to upstream, client: 172.20.0.1, server: localhost, request: "GET / HTTP/1.1", upstream: "fastcgi://127.0.0.1:9000", host: "172.23.106.37:8081"
2022/11/20 10:06:56 [crit] 28#28: *1 realpath() "/var/www/html" failed (2: No such file or directory), client: 172.20.0.1, server: localhost, request: "GET / HTTP/1.1", host: "172.23.106.37:8081"
2022/11/20 10:06:56 [error] 28#28: *1 connect() failed (111: Connection refused) while connecting to upstream, client: 172.20.0.1, server: localhost, request: "GET / HTTP/1.1", upstream: "fastcgi://127.0.0.1:9000", host: "172.23.106.37:8081"
2022/11/20 10:06:58 [crit] 28#28: *1 realpath() "/var/www/html" failed (2: No such file or directory), client: 172.20.0.1, server: localhost, request: "GET / HTTP/1.1", host: "172.23.106.37:8081"
2022/11/20 10:06:58 [error] 28#28: *1 connect() failed (111: Connection refused) while connecting to upstream, client: 172.20.0.1, server: localhost, request: "GET / HTTP/1.1", upstream: "fastcgi://127.0.0.1:9000", host: "172.23.106.37:8081"
2022/11/20 10:07:04 [notice] 1#1: signal 3 (SIGQUIT) received, shutting down
2022/11/20 10:07:04 [notice] 28#28: gracefully shutting down
2022/11/20 10:07:04 [notice] 29#29: gracefully shutting down
2022/11/20 10:07:04 [notice] 30#30: gracefully shutting down
2022/11/20 10:07:04 [notice] 29#29: exiting
2022/11/20 10:07:04 [notice] 31#31: gracefully shutting down
2022/11/20 10:07:04 [notice] 30#30: exiting
2022/11/20 10:07:04 [notice] 28#28: exiting
2022/11/20 10:07:04 [notice] 32#32: gracefully shutting down
2022/11/20 10:07:04 [notice] 31#31: exiting
2022/11/20 10:07:04 [notice] 32#32: exiting
2022/11/20 10:07:04 [notice] 34#34: gracefully shutting down
2022/11/20 10:07:04 [notice] 33#33: gracefully shutting down
2022/11/20 10:07:04 [notice] 36#36: gracefully shutting down
2022/11/20 10:07:04 [notice] 34#34: exiting
2022/11/20 10:07:04 [notice] 33#33: exiting
2022/11/20 10:07:04 [notice] 36#36: exiting
2022/11/20 10:07:04 [notice] 29#29: exit
2022/11/20 10:07:04 [notice] 31#31: exit
2022/11/20 10:07:04 [notice] 30#30: exit
2022/11/20 10:07:04 [notice] 28#28: exit
2022/11/20 10:07:04 [notice] 32#32: exit
2022/11/20 10:07:04 [notice] 34#34: exit
2022/11/20 10:07:04 [notice] 33#33: exit
2022/11/20 10:07:04 [notice] 36#36: exit
2022/11/20 10:07:04 [notice] 35#35: gracefully shutting down
2022/11/20 10:07:04 [notice] 35#35: exiting
2022/11/20 10:07:04 [notice] 37#37: gracefully shutting down
2022/11/20 10:07:04 [notice] 37#37: exiting
2022/11/20 10:07:04 [notice] 35#35: exit
2022/11/20 10:07:04 [notice] 37#37: exit
2022/11/20 10:07:04 [notice] 38#38: gracefully shutting down
2022/11/20 10:07:04 [notice] 38#38: exiting
2022/11/20 10:07:04 [notice] 38#38: exit
2022/11/20 10:07:04 [notice] 39#39: gracefully shutting down
2022/11/20 10:07:04 [notice] 39#39: exiting
2022/11/20 10:07:04 [notice] 39#39: exit
2022/11/20 10:07:04 [notice] 1#1: signal 17 (SIGCHLD) received from 28
2022/11/20 10:07:04 [notice] 1#1: worker process 28 exited with code 0
2022/11/20 10:07:04 [notice] 1#1: worker process 35 exited with code 0
2022/11/20 10:07:04 [notice] 1#1: signal 29 (SIGIO) received
2022/11/20 10:07:04 [notice] 1#1: signal 17 (SIGCHLD) received from 35
2022/11/20 10:07:04 [notice] 1#1: worker process 32 exited with code 0
2022/11/20 10:07:04 [notice] 1#1: signal 29 (SIGIO) received
2022/11/20 10:07:04 [notice] 1#1: signal 17 (SIGCHLD) received from 34
2022/11/20 10:07:04 [notice] 1#1: worker process 29 exited with code 0
2022/11/20 10:07:04 [notice] 1#1: worker process 31 exited with code 0
2022/11/20 10:07:04 [notice] 1#1: worker process 33 exited with code 0
2022/11/20 10:07:04 [notice] 1#1: worker process 34 exited with code 0
2022/11/20 10:07:04 [notice] 1#1: worker process 36 exited with code 0
2022/11/20 10:07:04 [notice] 1#1: worker process 39 exited with code 0
2022/11/20 10:07:04 [notice] 1#1: signal 29 (SIGIO) received
2022/11/20 10:07:04 [notice] 1#1: signal 17 (SIGCHLD) received from 31
2022/11/20 10:07:04 [notice] 1#1: worker process 30 exited with code 0
2022/11/20 10:07:04 [notice] 1#1: worker process 38 exited with code 0
2022/11/20 10:07:04 [notice] 1#1: signal 29 (SIGIO) received
2022/11/20 10:07:04 [notice] 1#1: signal 17 (SIGCHLD) received from 37
2022/11/20 10:07:04 [notice] 1#1: worker process 37 exited with code 0
2022/11/20 10:07:04 [notice] 1#1: exit
2022/11/20 10:11:15 [notice] 1#1: using the "epoll" event method
2022/11/20 10:11:15 [notice] 1#1: nginx/1.23.2
2022/11/20 10:11:15 [notice] 1#1: built by gcc 10.2.1 20210110 (Debian 10.2.1-6) 
2022/11/20 10:11:15 [notice] 1#1: OS: Linux 5.10.16.3-microsoft-standard-WSL2
2022/11/20 10:11:15 [notice] 1#1: getrlimit(RLIMIT_NOFILE): 1048576:1048576
2022/11/20 10:11:15 [notice] 1#1: start worker processes
2022/11/20 10:11:15 [notice] 1#1: start worker process 29
2022/11/20 10:11:15 [notice] 1#1: start worker process 30
2022/11/20 10:11:15 [notice] 1#1: start worker process 31
2022/11/20 10:11:15 [notice] 1#1: start worker process 32
2022/11/20 10:11:15 [notice] 1#1: start worker process 33
2022/11/20 10:11:15 [notice] 1#1: start worker process 34
2022/11/20 10:11:15 [notice] 1#1: start worker process 35
2022/11/20 10:11:15 [notice] 1#1: start worker process 36
2022/11/20 10:11:15 [notice] 1#1: start worker process 37
2022/11/20 10:11:15 [notice] 1#1: start worker process 38
2022/11/20 10:11:15 [notice] 1#1: start worker process 39
2022/11/20 10:11:15 [notice] 1#1: start worker process 40
2022/11/20 10:11:19 [error] 29#29: *1 directory index of "/usr/share/nginx/html/" is forbidden, client: 172.22.0.1, server: localhost, request: "GET / HTTP/1.1", host: "172.23.106.37:8081"
2022/11/20 10:11:36 [notice] 1#1: signal 3 (SIGQUIT) received, shutting down
2022/11/20 10:11:36 [notice] 29#29: gracefully shutting down
2022/11/20 10:11:36 [notice] 30#30: gracefully shutting down
2022/11/20 10:11:36 [notice] 31#31: gracefully shutting down
2022/11/20 10:11:36 [notice] 30#30: exiting
2022/11/20 10:11:36 [notice] 32#32: gracefully shutting down
2022/11/20 10:11:36 [notice] 31#31: exiting
2022/11/20 10:11:36 [notice] 33#33: gracefully shutting down
2022/11/20 10:11:36 [notice] 32#32: exiting
2022/11/20 10:11:36 [notice] 34#34: gracefully shutting down
2022/11/20 10:11:36 [notice] 30#30: exit
2022/11/20 10:11:36 [notice] 33#33: exiting
2022/11/20 10:11:36 [notice] 31#31: exit
2022/11/20 10:11:36 [notice] 29#29: exiting
2022/11/20 10:11:36 [notice] 35#35: gracefully shutting down
2022/11/20 10:11:36 [notice] 34#34: exiting
2022/11/20 10:11:36 [notice] 32#32: exit
2022/11/20 10:11:36 [notice] 36#36: gracefully shutting down
2022/11/20 10:11:36 [notice] 35#35: exiting
2022/11/20 10:11:36 [notice] 33#33: exit
2022/11/20 10:11:36 [notice] 29#29: exit
2022/11/20 10:11:36 [notice] 36#36: exiting
2022/11/20 10:11:36 [notice] 34#34: exit
2022/11/20 10:11:36 [notice] 37#37: gracefully shutting down
2022/11/20 10:11:36 [notice] 38#38: gracefully shutting down
2022/11/20 10:11:36 [notice] 35#35: exit
2022/11/20 10:11:36 [notice] 36#36: exit
2022/11/20 10:11:36 [notice] 37#37: exiting
2022/11/20 10:11:36 [notice] 38#38: exiting
2022/11/20 10:11:36 [notice] 38#38: exit
2022/11/20 10:11:36 [notice] 37#37: exit
2022/11/20 10:11:36 [notice] 40#40: gracefully shutting down
2022/11/20 10:11:36 [notice] 39#39: gracefully shutting down
2022/11/20 10:11:36 [notice] 40#40: exiting
2022/11/20 10:11:36 [notice] 39#39: exiting
2022/11/20 10:11:36 [notice] 40#40: exit
2022/11/20 10:11:36 [notice] 39#39: exit
2022/11/20 10:11:36 [notice] 1#1: signal 17 (SIGCHLD) received from 36
2022/11/20 10:11:36 [notice] 1#1: worker process 29 exited with code 0
2022/11/20 10:11:36 [notice] 1#1: worker process 30 exited with code 0
2022/11/20 10:11:36 [notice] 1#1: worker process 36 exited with code 0
2022/11/20 10:11:36 [notice] 1#1: worker process 37 exited with code 0
2022/11/20 10:11:36 [notice] 1#1: worker process 38 exited with code 0
2022/11/20 10:11:36 [notice] 1#1: signal 29 (SIGIO) received
2022/11/20 10:11:36 [notice] 1#1: signal 17 (SIGCHLD) received from 40
2022/11/20 10:11:36 [notice] 1#1: worker process 31 exited with code 0
2022/11/20 10:11:36 [notice] 1#1: worker process 40 exited with code 0
2022/11/20 10:11:36 [notice] 1#1: signal 29 (SIGIO) received
2022/11/20 10:11:36 [notice] 1#1: signal 17 (SIGCHLD) received from 31
2022/11/20 10:11:36 [notice] 1#1: signal 17 (SIGCHLD) received from 33
2022/11/20 10:11:36 [notice] 1#1: worker process 33 exited with code 0
2022/11/20 10:11:36 [notice] 1#1: signal 29 (SIGIO) received
2022/11/20 10:11:36 [notice] 1#1: signal 17 (SIGCHLD) received from 34
2022/11/20 10:11:36 [notice] 1#1: worker process 34 exited with code 0
2022/11/20 10:11:36 [notice] 1#1: signal 29 (SIGIO) received
2022/11/20 10:11:36 [notice] 1#1: signal 17 (SIGCHLD) received from 32
2022/11/20 10:11:36 [notice] 1#1: worker process 32 exited with code 0
2022/11/20 10:11:36 [notice] 1#1: signal 29 (SIGIO) received
2022/11/20 10:11:36 [notice] 1#1: signal 17 (SIGCHLD) received from 39
2022/11/20 10:11:36 [notice] 1#1: worker process 39 exited with code 0
2022/11/20 10:11:36 [notice] 1#1: signal 29 (SIGIO) received
2022/11/20 10:11:36 [notice] 1#1: signal 17 (SIGCHLD) received from 35
2022/11/20 10:11:36 [notice] 1#1: worker process 35 exited with code 0
2022/11/20 10:11:36 [notice] 1#1: exit
2022/11/20 10:11:38 [notice] 1#1: using the "epoll" event method
2022/11/20 10:11:38 [notice] 1#1: nginx/1.23.2
2022/11/20 10:11:38 [notice] 1#1: built by gcc 10.2.1 20210110 (Debian 10.2.1-6) 
2022/11/20 10:11:38 [notice] 1#1: OS: Linux 5.10.16.3-microsoft-standard-WSL2
2022/11/20 10:11:38 [notice] 1#1: getrlimit(RLIMIT_NOFILE): 1048576:1048576
2022/11/20 10:11:38 [notice] 1#1: start worker processes
2022/11/20 10:11:38 [notice] 1#1: start worker process 29
2022/11/20 10:11:38 [notice] 1#1: start worker process 30
2022/11/20 10:11:38 [notice] 1#1: start worker process 31
2022/11/20 10:11:38 [notice] 1#1: start worker process 32
2022/11/20 10:11:38 [notice] 1#1: start worker process 33
2022/11/20 10:11:38 [notice] 1#1: start worker process 34
2022/11/20 10:11:38 [notice] 1#1: start worker process 35
2022/11/20 10:11:38 [notice] 1#1: start worker process 36
2022/11/20 10:11:38 [notice] 1#1: start worker process 37
2022/11/20 10:11:38 [notice] 1#1: start worker process 38
2022/11/20 10:11:38 [notice] 1#1: start worker process 39
2022/11/20 10:11:38 [notice] 1#1: start worker process 40
2022/11/20 10:11:39 [error] 29#29: *1 directory index of "/usr/share/nginx/html/" is forbidden, client: 172.22.0.1, server: localhost, request: "GET / HTTP/1.1", host: "172.23.106.37:8081"
2022/11/20 10:12:16 [notice] 1#1: signal 3 (SIGQUIT) received, shutting down
2022/11/20 10:12:16 [notice] 29#29: gracefully shutting down
2022/11/20 10:12:16 [notice] 30#30: gracefully shutting down
2022/11/20 10:12:16 [notice] 31#31: gracefully shutting down
2022/11/20 10:12:16 [notice] 30#30: exiting
2022/11/20 10:12:16 [notice] 32#32: gracefully shutting down
2022/11/20 10:12:16 [notice] 31#31: exiting
2022/11/20 10:12:16 [notice] 33#33: gracefully shutting down
2022/11/20 10:12:16 [notice] 32#32: exiting
2022/11/20 10:12:16 [notice] 34#34: gracefully shutting down
2022/11/20 10:12:16 [notice] 29#29: exiting
2022/11/20 10:12:16 [notice] 33#33: exiting
2022/11/20 10:12:16 [notice] 30#30: exit
2022/11/20 10:12:16 [notice] 35#35: gracefully shutting down
2022/11/20 10:12:16 [notice] 31#31: exit
2022/11/20 10:12:16 [notice] 34#34: exiting
2022/11/20 10:12:16 [notice] 32#32: exit
2022/11/20 10:12:16 [notice] 35#35: exiting
2022/11/20 10:12:16 [notice] 36#36: gracefully shutting down
2022/11/20 10:12:16 [notice] 29#29: exit
2022/11/20 10:12:16 [notice] 33#33: exit
2022/11/20 10:12:16 [notice] 39#39: gracefully shutting down
2022/11/20 10:12:16 [notice] 34#34: exit
2022/11/20 10:12:16 [notice] 36#36: exiting
2022/11/20 10:12:16 [notice] 39#39: exiting
2022/11/20 10:12:16 [notice] 35#35: exit
2022/11/20 10:12:16 [notice] 38#38: gracefully shutting down
2022/11/20 10:12:16 [notice] 36#36: exit
2022/11/20 10:12:16 [notice] 39#39: exit
2022/11/20 10:12:16 [notice] 38#38: exiting
2022/11/20 10:12:16 [notice] 37#37: gracefully shutting down
2022/11/20 10:12:16 [notice] 37#37: exiting
2022/11/20 10:12:16 [notice] 38#38: exit
2022/11/20 10:12:16 [notice] 37#37: exit
2022/11/20 10:12:16 [notice] 40#40: gracefully shutting down
2022/11/20 10:12:16 [notice] 40#40: exiting
2022/11/20 10:12:16 [notice] 40#40: exit
2022/11/20 10:12:16 [notice] 1#1: signal 17 (SIGCHLD) received from 29
2022/11/20 10:12:16 [notice] 1#1: worker process 29 exited with code 0
2022/11/20 10:12:16 [notice] 1#1: signal 29 (SIGIO) received
2022/11/20 10:12:16 [notice] 1#1: signal 17 (SIGCHLD) received from 35
2022/11/20 10:12:16 [notice] 1#1: worker process 32 exited with code 0
2022/11/20 10:12:16 [notice] 1#1: worker process 35 exited with code 0
2022/11/20 10:12:16 [notice] 1#1: worker process 37 exited with code 0
2022/11/20 10:12:16 [notice] 1#1: signal 29 (SIGIO) received
2022/11/20 10:12:16 [notice] 1#1: signal 17 (SIGCHLD) received from 31
2022/11/20 10:12:16 [notice] 1#1: worker process 30 exited with code 0
2022/11/20 10:12:16 [notice] 1#1: worker process 31 exited with code 0
2022/11/20 10:12:16 [notice] 1#1: signal 29 (SIGIO) received
2022/11/20 10:12:16 [notice] 1#1: signal 17 (SIGCHLD) received from 38
2022/11/20 10:12:16 [notice] 1#1: worker process 38 exited with code 0
2022/11/20 10:12:16 [notice] 1#1: signal 29 (SIGIO) received
2022/11/20 10:12:16 [notice] 1#1: signal 17 (SIGCHLD) received from 34
2022/11/20 10:12:16 [notice] 1#1: worker process 34 exited with code 0
2022/11/20 10:12:16 [notice] 1#1: signal 29 (SIGIO) received
2022/11/20 10:12:16 [notice] 1#1: signal 17 (SIGCHLD) received from 33
2022/11/20 10:12:16 [notice] 1#1: worker process 33 exited with code 0
2022/11/20 10:12:16 [notice] 1#1: worker process 36 exited with code 0
2022/11/20 10:12:16 [notice] 1#1: signal 29 (SIGIO) received
2022/11/20 10:12:16 [notice] 1#1: signal 17 (SIGCHLD) received from 39
2022/11/20 10:12:16 [notice] 1#1: worker process 39 exited with code 0
2022/11/20 10:12:16 [notice] 1#1: worker process 40 exited with code 0
2022/11/20 10:12:16 [notice] 1#1: exit
2022/11/20 10:12:18 [notice] 1#1: using the "epoll" event method
2022/11/20 10:12:18 [notice] 1#1: nginx/1.23.2
2022/11/20 10:12:18 [notice] 1#1: built by gcc 10.2.1 20210110 (Debian 10.2.1-6) 
2022/11/20 10:12:18 [notice] 1#1: OS: Linux 5.10.16.3-microsoft-standard-WSL2
2022/11/20 10:12:18 [notice] 1#1: getrlimit(RLIMIT_NOFILE): 1048576:1048576
2022/11/20 10:12:18 [notice] 1#1: start worker processes
2022/11/20 10:12:18 [notice] 1#1: start worker process 29
2022/11/20 10:12:18 [notice] 1#1: start worker process 30
2022/11/20 10:12:18 [notice] 1#1: start worker process 31
2022/11/20 10:12:18 [notice] 1#1: start worker process 32
2022/11/20 10:12:18 [notice] 1#1: start worker process 33
2022/11/20 10:12:18 [notice] 1#1: start worker process 34
2022/11/20 10:12:18 [notice] 1#1: start worker process 35
2022/11/20 10:12:18 [notice] 1#1: start worker process 36
2022/11/20 10:12:18 [notice] 1#1: start worker process 37
2022/11/20 10:12:18 [notice] 1#1: start worker process 38
2022/11/20 10:12:18 [notice] 1#1: start worker process 39
2022/11/20 10:12:18 [notice] 1#1: start worker process 40
2022/11/20 10:12:20 [error] 29#29: *1 directory index of "/usr/share/nginx/html/" is forbidden, client: 172.22.0.1, server: localhost, request: "GET / HTTP/1.1", host: "172.23.106.37:8081"
2022/11/20 10:12:23 [error] 29#29: *1 directory index of "/usr/share/nginx/html/" is forbidden, client: 172.22.0.1, server: localhost, request: "GET / HTTP/1.1", host: "172.23.106.37:8081"
2022/11/20 10:13:51 [notice] 1#1: signal 3 (SIGQUIT) received, shutting down
2022/11/20 10:13:51 [notice] 29#29: gracefully shutting down
2022/11/20 10:13:51 [notice] 29#29: exiting
2022/11/20 10:13:51 [notice] 30#30: gracefully shutting down
2022/11/20 10:13:51 [notice] 30#30: exiting
2022/11/20 10:13:51 [notice] 29#29: exit
2022/11/20 10:13:51 [notice] 31#31: gracefully shutting down
2022/11/20 10:13:51 [notice] 32#32: gracefully shutting down
2022/11/20 10:13:51 [notice] 30#30: exit
2022/11/20 10:13:51 [notice] 31#31: exiting
2022/11/20 10:13:51 [notice] 32#32: exiting
2022/11/20 10:13:51 [notice] 33#33: gracefully shutting down
2022/11/20 10:13:51 [notice] 36#36: gracefully shutting down
2022/11/20 10:13:51 [notice] 31#31: exit
2022/11/20 10:13:51 [notice] 33#33: exiting
2022/11/20 10:13:51 [notice] 34#34: gracefully shutting down
2022/11/20 10:13:51 [notice] 39#39: gracefully shutting down
2022/11/20 10:13:51 [notice] 32#32: exit
2022/11/20 10:13:51 [notice] 36#36: exiting
2022/11/20 10:13:51 [notice] 34#34: exiting
2022/11/20 10:13:51 [notice] 33#33: exit
2022/11/20 10:13:51 [notice] 39#39: exiting
2022/11/20 10:13:51 [notice] 34#34: exit
2022/11/20 10:13:51 [notice] 36#36: exit
2022/11/20 10:13:51 [notice] 39#39: exit
2022/11/20 10:13:51 [notice] 38#38: gracefully shutting down
2022/11/20 10:13:51 [notice] 38#38: exiting
2022/11/20 10:13:51 [notice] 35#35: gracefully shutting down
2022/11/20 10:13:51 [notice] 35#35: exiting
2022/11/20 10:13:51 [notice] 38#38: exit
2022/11/20 10:13:51 [notice] 35#35: exit
2022/11/20 10:13:51 [notice] 40#40: gracefully shutting down
2022/11/20 10:13:51 [notice] 40#40: exiting
2022/11/20 10:13:51 [notice] 40#40: exit
2022/11/20 10:13:51 [notice] 37#37: gracefully shutting down
2022/11/20 10:13:51 [notice] 37#37: exiting
2022/11/20 10:13:51 [notice] 37#37: exit
2022/11/20 10:13:51 [notice] 1#1: signal 17 (SIGCHLD) received from 34
2022/11/20 10:13:51 [notice] 1#1: worker process 29 exited with code 0
2022/11/20 10:13:51 [notice] 1#1: worker process 32 exited with code 0
2022/11/20 10:13:51 [notice] 1#1: worker process 34 exited with code 0
2022/11/20 10:13:51 [notice] 1#1: worker process 39 exited with code 0
2022/11/20 10:13:51 [notice] 1#1: signal 29 (SIGIO) received
2022/11/20 10:13:51 [notice] 1#1: signal 17 (SIGCHLD) received from 35
2022/11/20 10:13:51 [notice] 1#1: worker process 35 exited with code 0
2022/11/20 10:13:51 [notice] 1#1: signal 29 (SIGIO) received
2022/11/20 10:13:51 [notice] 1#1: signal 17 (SIGCHLD) received from 40
2022/11/20 10:13:51 [notice] 1#1: worker process 36 exited with code 0
2022/11/20 10:13:51 [notice] 1#1: worker process 40 exited with code 0
2022/11/20 10:13:51 [notice] 1#1: signal 29 (SIGIO) received
2022/11/20 10:13:51 [notice] 1#1: signal 17 (SIGCHLD) received from 30
2022/11/20 10:13:51 [notice] 1#1: worker process 30 exited with code 0
2022/11/20 10:13:51 [notice] 1#1: worker process 37 exited with code 0
2022/11/20 10:13:51 [notice] 1#1: worker process 38 exited with code 0
2022/11/20 10:13:51 [notice] 1#1: signal 29 (SIGIO) received
2022/11/20 10:13:51 [notice] 1#1: signal 17 (SIGCHLD) received from 38
2022/11/20 10:13:51 [notice] 1#1: signal 17 (SIGCHLD) received from 31
2022/11/20 10:13:51 [notice] 1#1: worker process 31 exited with code 0
2022/11/20 10:13:51 [notice] 1#1: signal 29 (SIGIO) received
2022/11/20 10:13:51 [notice] 1#1: signal 17 (SIGCHLD) received from 33
2022/11/20 10:13:51 [notice] 1#1: worker process 33 exited with code 0
2022/11/20 10:13:51 [notice] 1#1: exit
2022/11/20 10:13:53 [notice] 1#1: using the "epoll" event method
2022/11/20 10:13:53 [notice] 1#1: nginx/1.23.2
2022/11/20 10:13:53 [notice] 1#1: built by gcc 10.2.1 20210110 (Debian 10.2.1-6) 
2022/11/20 10:13:53 [notice] 1#1: OS: Linux 5.10.16.3-microsoft-standard-WSL2
2022/11/20 10:13:53 [notice] 1#1: getrlimit(RLIMIT_NOFILE): 1048576:1048576
2022/11/20 10:13:53 [notice] 1#1: start worker processes
2022/11/20 10:13:53 [notice] 1#1: start worker process 31
2022/11/20 10:13:53 [notice] 1#1: start worker process 32
2022/11/20 10:13:53 [notice] 1#1: start worker process 33
2022/11/20 10:13:53 [notice] 1#1: start worker process 34
2022/11/20 10:13:53 [notice] 1#1: start worker process 35
2022/11/20 10:13:53 [notice] 1#1: start worker process 36
2022/11/20 10:13:53 [notice] 1#1: start worker process 37
2022/11/20 10:13:53 [notice] 1#1: start worker process 38
2022/11/20 10:13:53 [notice] 1#1: start worker process 39
2022/11/20 10:13:53 [notice] 1#1: start worker process 40
2022/11/20 10:13:53 [notice] 1#1: start worker process 41
2022/11/20 10:13:53 [notice] 1#1: start worker process 42
2022/11/20 10:18:40 [notice] 1#1: signal 3 (SIGQUIT) received, shutting down
2022/11/20 10:18:40 [notice] 31#31: gracefully shutting down
2022/11/20 10:18:40 [notice] 32#32: gracefully shutting down
2022/11/20 10:18:40 [notice] 31#31: exiting
2022/11/20 10:18:40 [notice] 34#34: gracefully shutting down
2022/11/20 10:18:40 [notice] 33#33: gracefully shutting down
2022/11/20 10:18:40 [notice] 32#32: exiting
2022/11/20 10:18:40 [notice] 35#35: gracefully shutting down
2022/11/20 10:18:40 [notice] 34#34: exiting
2022/11/20 10:18:40 [notice] 31#31: exit
2022/11/20 10:18:40 [notice] 33#33: exiting
2022/11/20 10:18:40 [notice] 36#36: gracefully shutting down
2022/11/20 10:18:40 [notice] 35#35: exiting
2022/11/20 10:18:40 [notice] 37#37: gracefully shutting down
2022/11/20 10:18:40 [notice] 32#32: exit
2022/11/20 10:18:40 [notice] 36#36: exiting
2022/11/20 10:18:40 [notice] 34#34: exit
2022/11/20 10:18:40 [notice] 38#38: gracefully shutting down
2022/11/20 10:18:40 [notice] 33#33: exit
2022/11/20 10:18:40 [notice] 35#35: exit
2022/11/20 10:18:40 [notice] 37#37: exiting
2022/11/20 10:18:40 [notice] 39#39: gracefully shutting down
2022/11/20 10:18:40 [notice] 38#38: exiting
2022/11/20 10:18:40 [notice] 36#36: exit
2022/11/20 10:18:40 [notice] 42#42: gracefully shutting down
2022/11/20 10:18:40 [notice] 40#40: gracefully shutting down
2022/11/20 10:18:40 [notice] 39#39: exiting
2022/11/20 10:18:40 [notice] 37#37: exit
2022/11/20 10:18:40 [notice] 42#42: exiting
2022/11/20 10:18:40 [notice] 38#38: exit
2022/11/20 10:18:40 [notice] 40#40: exiting
2022/11/20 10:18:40 [notice] 39#39: exit
2022/11/20 10:18:40 [notice] 42#42: exit
2022/11/20 10:18:40 [notice] 40#40: exit
2022/11/20 10:18:40 [notice] 41#41: gracefully shutting down
2022/11/20 10:18:40 [notice] 41#41: exiting
2022/11/20 10:18:40 [notice] 41#41: exit
2022/11/20 10:18:40 [notice] 1#1: signal 17 (SIGCHLD) received from 36
2022/11/20 10:18:40 [notice] 1#1: worker process 36 exited with code 0
2022/11/20 10:18:40 [notice] 1#1: signal 29 (SIGIO) received
2022/11/20 10:18:40 [notice] 1#1: signal 17 (SIGCHLD) received from 37
2022/11/20 10:18:40 [notice] 1#1: worker process 32 exited with code 0
2022/11/20 10:18:40 [notice] 1#1: worker process 34 exited with code 0
2022/11/20 10:18:40 [notice] 1#1: worker process 35 exited with code 0
2022/11/20 10:18:40 [notice] 1#1: worker process 37 exited with code 0
2022/11/20 10:18:40 [notice] 1#1: worker process 38 exited with code 0
2022/11/20 10:18:40 [notice] 1#1: worker process 40 exited with code 0
2022/11/20 10:18:40 [notice] 1#1: signal 29 (SIGIO) received
2022/11/20 10:18:40 [notice] 1#1: signal 17 (SIGCHLD) received from 42
2022/11/20 10:18:40 [notice] 1#1: worker process 42 exited with code 0
2022/11/20 10:18:40 [notice] 1#1: signal 29 (SIGIO) received
2022/11/20 10:18:40 [notice] 1#1: signal 17 (SIGCHLD) received from 41
2022/11/20 10:18:40 [notice] 1#1: worker process 31 exited with code 0
2022/11/20 10:18:40 [notice] 1#1: worker process 39 exited with code 0
2022/11/20 10:18:40 [notice] 1#1: worker process 41 exited with code 0
2022/11/20 10:18:40 [notice] 1#1: signal 29 (SIGIO) received
2022/11/20 10:18:40 [notice] 1#1: signal 17 (SIGCHLD) received from 33
2022/11/20 10:18:40 [notice] 1#1: worker process 33 exited with code 0
2022/11/20 10:18:40 [notice] 1#1: exit
2022/11/20 10:18:42 [notice] 1#1: using the "epoll" event method
2022/11/20 10:18:42 [notice] 1#1: nginx/1.23.2
2022/11/20 10:18:42 [notice] 1#1: built by gcc 10.2.1 20210110 (Debian 10.2.1-6) 
2022/11/20 10:18:42 [notice] 1#1: OS: Linux 5.10.16.3-microsoft-standard-WSL2
2022/11/20 10:18:42 [notice] 1#1: getrlimit(RLIMIT_NOFILE): 1048576:1048576
2022/11/20 10:18:42 [notice] 1#1: start worker processes
2022/11/20 10:18:42 [notice] 1#1: start worker process 30
2022/11/20 10:18:42 [notice] 1#1: start worker process 31
2022/11/20 10:18:42 [notice] 1#1: start worker process 32
2022/11/20 10:18:42 [notice] 1#1: start worker process 33
2022/11/20 10:18:42 [notice] 1#1: start worker process 34
2022/11/20 10:18:42 [notice] 1#1: start worker process 35
2022/11/20 10:18:42 [notice] 1#1: start worker process 36
2022/11/20 10:18:42 [notice] 1#1: start worker process 37
2022/11/20 10:18:42 [notice] 1#1: start worker process 38
2022/11/20 10:18:42 [notice] 1#1: start worker process 39
2022/11/20 10:18:42 [notice] 1#1: start worker process 40
2022/11/20 10:18:42 [notice] 1#1: start worker process 41
2022/11/20 10:20:11 [notice] 1#1: signal 3 (SIGQUIT) received, shutting down
2022/11/20 10:20:11 [notice] 30#30: gracefully shutting down
2022/11/20 10:20:11 [notice] 30#30: exiting
2022/11/20 10:20:11 [notice] 31#31: gracefully shutting down
2022/11/20 10:20:11 [notice] 31#31: exiting
2022/11/20 10:20:11 [notice] 32#32: gracefully shutting down
2022/11/20 10:20:11 [notice] 33#33: gracefully shutting down
2022/11/20 10:20:11 [notice] 32#32: exiting
2022/11/20 10:20:11 [notice] 34#34: gracefully shutting down
2022/11/20 10:20:11 [notice] 33#33: exiting
2022/11/20 10:20:11 [notice] 35#35: gracefully shutting down
2022/11/20 10:20:11 [notice] 35#35: exiting
2022/11/20 10:20:11 [notice] 36#36: gracefully shutting down
2022/11/20 10:20:11 [notice] 34#34: exiting
2022/11/20 10:20:11 [notice] 37#37: gracefully shutting down
2022/11/20 10:20:11 [notice] 30#30: exit
2022/11/20 10:20:11 [notice] 36#36: exiting
2022/11/20 10:20:11 [notice] 38#38: gracefully shutting down
2022/11/20 10:20:11 [notice] 37#37: exiting
2022/11/20 10:20:11 [notice] 38#38: exiting
2022/11/20 10:20:11 [notice] 41#41: gracefully shutting down
2022/11/20 10:20:11 [notice] 39#39: gracefully shutting down
2022/11/20 10:20:11 [notice] 31#31: exit
2022/11/20 10:20:11 [notice] 41#41: exiting
2022/11/20 10:20:11 [notice] 39#39: exiting
2022/11/20 10:20:11 [notice] 32#32: exit
2022/11/20 10:20:11 [notice] 33#33: exit
2022/11/20 10:20:11 [notice] 35#35: exit
2022/11/20 10:20:11 [notice] 34#34: exit
2022/11/20 10:20:11 [notice] 36#36: exit
2022/11/20 10:20:11 [notice] 37#37: exit
2022/11/20 10:20:11 [notice] 38#38: exit
2022/11/20 10:20:11 [notice] 41#41: exit
2022/11/20 10:20:11 [notice] 39#39: exit
2022/11/20 10:20:11 [notice] 40#40: gracefully shutting down
2022/11/20 10:20:11 [notice] 40#40: exiting
2022/11/20 10:20:11 [notice] 40#40: exit
2022/11/20 10:20:11 [notice] 1#1: signal 17 (SIGCHLD) received from 32
2022/11/20 10:20:11 [notice] 1#1: worker process 32 exited with code 0
2022/11/20 10:20:11 [notice] 1#1: worker process 41 exited with code 0
2022/11/20 10:20:11 [notice] 1#1: signal 29 (SIGIO) received
2022/11/20 10:20:11 [notice] 1#1: signal 17 (SIGCHLD) received from 40
2022/11/20 10:20:11 [notice] 1#1: worker process 31 exited with code 0
2022/11/20 10:20:11 [notice] 1#1: worker process 36 exited with code 0
2022/11/20 10:20:11 [notice] 1#1: worker process 37 exited with code 0
2022/11/20 10:20:11 [notice] 1#1: worker process 40 exited with code 0
2022/11/20 10:20:11 [notice] 1#1: signal 29 (SIGIO) received
2022/11/20 10:20:11 [notice] 1#1: signal 17 (SIGCHLD) received from 36
2022/11/20 10:20:11 [notice] 1#1: worker process 35 exited with code 0
2022/11/20 10:20:11 [notice] 1#1: worker process 39 exited with code 0
2022/11/20 10:20:11 [notice] 1#1: signal 29 (SIGIO) received
2022/11/20 10:20:11 [notice] 1#1: signal 17 (SIGCHLD) received from 30
2022/11/20 10:20:11 [notice] 1#1: worker process 30 exited with code 0
2022/11/20 10:20:11 [notice] 1#1: signal 29 (SIGIO) received
2022/11/20 10:20:11 [notice] 1#1: signal 17 (SIGCHLD) received from 38
2022/11/20 10:20:11 [notice] 1#1: worker process 38 exited with code 0
2022/11/20 10:20:11 [notice] 1#1: signal 29 (SIGIO) received
2022/11/20 10:20:11 [notice] 1#1: signal 17 (SIGCHLD) received from 33
2022/11/20 10:20:11 [notice] 1#1: worker process 33 exited with code 0
2022/11/20 10:20:11 [notice] 1#1: signal 29 (SIGIO) received
2022/11/20 10:20:11 [notice] 1#1: signal 17 (SIGCHLD) received from 34
2022/11/20 10:20:11 [notice] 1#1: worker process 34 exited with code 0
2022/11/20 10:20:11 [notice] 1#1: exit
2022/11/20 10:20:14 [warn] 1#1: conflicting server name "localhost" on 0.0.0.0:80, ignored
2022/11/20 10:20:14 [notice] 1#1: using the "epoll" event method
2022/11/20 10:20:14 [notice] 1#1: nginx/1.23.2
2022/11/20 10:20:14 [notice] 1#1: built by gcc 10.2.1 20210110 (Debian 10.2.1-6) 
2022/11/20 10:20:14 [notice] 1#1: OS: Linux 5.10.16.3-microsoft-standard-WSL2
2022/11/20 10:20:14 [notice] 1#1: getrlimit(RLIMIT_NOFILE): 1048576:1048576
2022/11/20 10:20:14 [notice] 1#1: start worker processes
2022/11/20 10:20:14 [notice] 1#1: start worker process 31
2022/11/20 10:20:14 [notice] 1#1: start worker process 32
2022/11/20 10:20:14 [notice] 1#1: start worker process 33
2022/11/20 10:20:14 [notice] 1#1: start worker process 34
2022/11/20 10:20:14 [notice] 1#1: start worker process 35
2022/11/20 10:20:14 [notice] 1#1: start worker process 36
2022/11/20 10:20:14 [notice] 1#1: start worker process 37
2022/11/20 10:20:14 [notice] 1#1: start worker process 38
2022/11/20 10:20:14 [notice] 1#1: start worker process 39
2022/11/20 10:20:14 [notice] 1#1: start worker process 40
2022/11/20 10:20:14 [notice] 1#1: start worker process 41
2022/11/20 10:20:14 [notice] 1#1: start worker process 42
2022/11/20 10:20:15 [crit] 31#31: *1 realpath() "/var/www/html" failed (2: No such file or directory), client: 172.22.0.1, server: localhost, request: "GET / HTTP/1.1", host: "172.23.106.37:8081"
2022/11/20 10:20:15 [error] 31#31: *1 connect() failed (111: Connection refused) while connecting to upstream, client: 172.22.0.1, server: localhost, request: "GET / HTTP/1.1", upstream: "fastcgi://127.0.0.1:9000", host: "172.23.106.37:8081"
2022/11/20 10:20:16 [crit] 31#31: *1 realpath() "/var/www/html" failed (2: No such file or directory), client: 172.22.0.1, server: localhost, request: "GET / HTTP/1.1", host: "172.23.106.37:8081"
2022/11/20 10:20:16 [error] 31#31: *1 connect() failed (111: Connection refused) while connecting to upstream, client: 172.22.0.1, server: localhost, request: "GET / HTTP/1.1", upstream: "fastcgi://127.0.0.1:9000", host: "172.23.106.37:8081"
2022/11/20 10:20:17 [crit] 31#31: *1 realpath() "/var/www/html" failed (2: No such file or directory), client: 172.22.0.1, server: localhost, request: "GET / HTTP/1.1", host: "172.23.106.37:8081"
2022/11/20 10:20:17 [error] 31#31: *1 connect() failed (111: Connection refused) while connecting to upstream, client: 172.22.0.1, server: localhost, request: "GET / HTTP/1.1", upstream: "fastcgi://127.0.0.1:9000", host: "172.23.106.37:8081"
2022/11/20 10:27:58 [crit] 32#32: *5 realpath() "/var/www/html" failed (2: No such file or directory), client: 172.22.0.1, server: localhost, request: "GET / HTTP/1.1", host: "172.23.106.37:8081"
2022/11/20 10:27:58 [error] 32#32: *5 connect() failed (111: Connection refused) while connecting to upstream, client: 172.22.0.1, server: localhost, request: "GET / HTTP/1.1", upstream: "fastcgi://127.0.0.1:9000", host: "172.23.106.37:8081"
2022/11/20 10:28:42 [notice] 1#1: signal 3 (SIGQUIT) received, shutting down
2022/11/20 10:28:42 [notice] 31#31: gracefully shutting down
2022/11/20 10:28:42 [notice] 31#31: exiting
2022/11/20 10:28:42 [notice] 32#32: gracefully shutting down
2022/11/20 10:28:42 [notice] 33#33: gracefully shutting down
2022/11/20 10:28:42 [notice] 34#34: gracefully shutting down
2022/11/20 10:28:42 [notice] 33#33: exiting
2022/11/20 10:28:42 [notice] 34#34: exiting
2022/11/20 10:28:42 [notice] 35#35: gracefully shutting down
2022/11/20 10:28:42 [notice] 36#36: gracefully shutting down
2022/11/20 10:28:42 [notice] 35#35: exiting
2022/11/20 10:28:42 [notice] 37#37: gracefully shutting down
2022/11/20 10:28:42 [notice] 36#36: exiting
2022/11/20 10:28:42 [notice] 37#37: exiting
2022/11/20 10:28:42 [notice] 38#38: gracefully shutting down
2022/11/20 10:28:42 [notice] 32#32: exiting
2022/11/20 10:28:42 [notice] 40#40: gracefully shutting down
2022/11/20 10:28:42 [notice] 42#42: gracefully shutting down
2022/11/20 10:28:42 [notice] 38#38: exiting
2022/11/20 10:28:42 [notice] 40#40: exiting
2022/11/20 10:28:42 [notice] 42#42: exiting
2022/11/20 10:28:42 [notice] 31#31: exit
2022/11/20 10:28:42 [notice] 33#33: exit
2022/11/20 10:28:42 [notice] 34#34: exit
2022/11/20 10:28:42 [notice] 35#35: exit
2022/11/20 10:28:42 [notice] 36#36: exit
2022/11/20 10:28:42 [notice] 37#37: exit
2022/11/20 10:28:42 [notice] 32#32: exit
2022/11/20 10:28:42 [notice] 39#39: gracefully shutting down
2022/11/20 10:28:42 [notice] 40#40: exit
2022/11/20 10:28:42 [notice] 38#38: exit
2022/11/20 10:28:42 [notice] 42#42: exit
2022/11/20 10:28:42 [notice] 39#39: exiting
2022/11/20 10:28:42 [notice] 41#41: gracefully shutting down
2022/11/20 10:28:42 [notice] 39#39: exit
2022/11/20 10:28:42 [notice] 41#41: exiting
2022/11/20 10:28:42 [notice] 41#41: exit
2022/11/20 10:28:42 [notice] 1#1: signal 17 (SIGCHLD) received from 35
2022/11/20 10:28:42 [notice] 1#1: worker process 31 exited with code 0
2022/11/20 10:28:42 [notice] 1#1: worker process 33 exited with code 0
2022/11/20 10:28:42 [notice] 1#1: worker process 34 exited with code 0
2022/11/20 10:28:42 [notice] 1#1: worker process 35 exited with code 0
2022/11/20 10:28:42 [notice] 1#1: worker process 32 exited with code 0
2022/11/20 10:28:42 [notice] 1#1: worker process 39 exited with code 0
2022/11/20 10:28:42 [notice] 1#1: worker process 40 exited with code 0
2022/11/20 10:28:42 [notice] 1#1: worker process 41 exited with code 0
2022/11/20 10:28:42 [notice] 1#1: worker process 42 exited with code 0
2022/11/20 10:28:42 [notice] 1#1: signal 29 (SIGIO) received
2022/11/20 10:28:42 [notice] 1#1: signal 17 (SIGCHLD) received from 31
2022/11/20 10:28:42 [notice] 1#1: signal 17 (SIGCHLD) received from 36
2022/11/20 10:28:42 [notice] 1#1: worker process 36 exited with code 0
2022/11/20 10:28:42 [notice] 1#1: signal 29 (SIGIO) received
2022/11/20 10:28:42 [notice] 1#1: signal 17 (SIGCHLD) received from 38
2022/11/20 10:28:42 [notice] 1#1: worker process 38 exited with code 0
2022/11/20 10:28:42 [notice] 1#1: signal 29 (SIGIO) received
2022/11/20 10:28:42 [notice] 1#1: signal 17 (SIGCHLD) received from 37
2022/11/20 10:28:42 [notice] 1#1: worker process 37 exited with code 0
2022/11/20 10:28:42 [notice] 1#1: exit
2022/11/20 10:28:45 [notice] 1#1: using the "epoll" event method
2022/11/20 10:28:45 [notice] 1#1: nginx/1.23.2
2022/11/20 10:28:45 [notice] 1#1: built by gcc 10.2.1 20210110 (Debian 10.2.1-6) 
2022/11/20 10:28:45 [notice] 1#1: OS: Linux 5.10.16.3-microsoft-standard-WSL2
2022/11/20 10:28:45 [notice] 1#1: getrlimit(RLIMIT_NOFILE): 1048576:1048576
2022/11/20 10:28:45 [notice] 1#1: start worker processes
2022/11/20 10:28:45 [notice] 1#1: start worker process 30
2022/11/20 10:28:45 [notice] 1#1: start worker process 31
2022/11/20 10:28:45 [notice] 1#1: start worker process 32
2022/11/20 10:28:45 [notice] 1#1: start worker process 33
2022/11/20 10:28:45 [notice] 1#1: start worker process 34
2022/11/20 10:28:45 [notice] 1#1: start worker process 35
2022/11/20 10:28:45 [notice] 1#1: start worker process 36
2022/11/20 10:28:45 [notice] 1#1: start worker process 37
2022/11/20 10:28:45 [notice] 1#1: start worker process 38
2022/11/20 10:28:45 [notice] 1#1: start worker process 39
2022/11/20 10:28:45 [notice] 1#1: start worker process 40
2022/11/20 10:28:45 [notice] 1#1: start worker process 41
2022/11/20 10:29:49 [crit] 31#31: *1 realpath() "/var/www/html" failed (2: No such file or directory), client: 172.22.0.1, server: docker_server.wsl, request: "GET / HTTP/1.1", host: "172.23.106.37:8081"
2022/11/20 10:29:49 [error] 31#31: *1 connect() failed (111: Connection refused) while connecting to upstream, client: 172.22.0.1, server: docker_server.wsl, request: "GET / HTTP/1.1", upstream: "fastcgi://127.0.0.1:9000", host: "172.23.106.37:8081"
2022/11/20 10:30:05 [crit] 31#31: *1 realpath() "/var/www/html" failed (2: No such file or directory), client: 172.22.0.1, server: docker_server.wsl, request: "GET / HTTP/1.1", host: "172.23.106.37:8081"
2022/11/20 10:30:05 [error] 31#31: *1 connect() failed (111: Connection refused) while connecting to upstream, client: 172.22.0.1, server: docker_server.wsl, request: "GET / HTTP/1.1", upstream: "fastcgi://127.0.0.1:9000", host: "172.23.106.37:8081"
2022/11/20 10:30:17 [notice] 1#1: signal 3 (SIGQUIT) received, shutting down
2022/11/20 10:30:17 [notice] 30#30: gracefully shutting down
2022/11/20 10:30:17 [notice] 31#31: gracefully shutting down
2022/11/20 10:30:17 [notice] 30#30: exiting
2022/11/20 10:30:17 [notice] 32#32: gracefully shutting down
2022/11/20 10:30:17 [notice] 33#33: gracefully shutting down
2022/11/20 10:30:17 [notice] 34#34: gracefully shutting down
2022/11/20 10:30:17 [notice] 32#32: exiting
2022/11/20 10:30:17 [notice] 33#33: exiting
2022/11/20 10:30:17 [notice] 34#34: exiting
2022/11/20 10:30:17 [notice] 35#35: gracefully shutting down
2022/11/20 10:30:17 [notice] 36#36: gracefully shutting down
2022/11/20 10:30:17 [notice] 31#31: exiting
2022/11/20 10:30:17 [notice] 36#36: exiting
2022/11/20 10:30:17 [notice] 37#37: gracefully shutting down
2022/11/20 10:30:17 [notice] 35#35: exiting
2022/11/20 10:30:17 [notice] 38#38: gracefully shutting down
2022/11/20 10:30:17 [notice] 37#37: exiting
2022/11/20 10:30:17 [notice] 38#38: exiting
2022/11/20 10:30:17 [notice] 30#30: exit
2022/11/20 10:30:17 [notice] 39#39: gracefully shutting down
2022/11/20 10:30:17 [notice] 39#39: exiting
2022/11/20 10:30:17 [notice] 32#32: exit
2022/11/20 10:30:17 [notice] 33#33: exit
2022/11/20 10:30:17 [notice] 34#34: exit
2022/11/20 10:30:17 [notice] 31#31: exit
2022/11/20 10:30:17 [notice] 38#38: exit
2022/11/20 10:30:17 [notice] 35#35: exit
2022/11/20 10:30:17 [notice] 37#37: exit
2022/11/20 10:30:17 [notice] 39#39: exit
2022/11/20 10:30:17 [notice] 40#40: gracefully shutting down
2022/11/20 10:30:17 [notice] 41#41: gracefully shutting down
2022/11/20 10:30:17 [notice] 40#40: exiting
2022/11/20 10:30:17 [notice] 41#41: exiting
2022/11/20 10:30:17 [notice] 36#36: exit
2022/11/20 10:30:17 [notice] 40#40: exit
2022/11/20 10:30:17 [notice] 41#41: exit
2022/11/20 10:30:17 [notice] 1#1: signal 17 (SIGCHLD) received from 38
2022/11/20 10:30:17 [notice] 1#1: worker process 30 exited with code 0
2022/11/20 10:30:17 [notice] 1#1: worker process 34 exited with code 0
2022/11/20 10:30:17 [notice] 1#1: worker process 36 exited with code 0
2022/11/20 10:30:17 [notice] 1#1: worker process 37 exited with code 0
2022/11/20 10:30:17 [notice] 1#1: worker process 38 exited with code 0
2022/11/20 10:30:17 [notice] 1#1: worker process 39 exited with code 0
2022/11/20 10:30:17 [notice] 1#1: worker process 40 exited with code 0
2022/11/20 10:30:17 [notice] 1#1: worker process 41 exited with code 0
2022/11/20 10:30:17 [notice] 1#1: signal 29 (SIGIO) received
2022/11/20 10:30:17 [notice] 1#1: signal 17 (SIGCHLD) received from 32
2022/11/20 10:30:17 [notice] 1#1: worker process 31 exited with code 0
2022/11/20 10:30:17 [notice] 1#1: worker process 32 exited with code 0
2022/11/20 10:30:17 [notice] 1#1: signal 29 (SIGIO) received
2022/11/20 10:30:17 [notice] 1#1: signal 17 (SIGCHLD) received from 35
2022/11/20 10:30:17 [notice] 1#1: worker process 35 exited with code 0
2022/11/20 10:30:17 [notice] 1#1: signal 29 (SIGIO) received
2022/11/20 10:30:17 [notice] 1#1: signal 17 (SIGCHLD) received from 33
2022/11/20 10:30:17 [notice] 1#1: worker process 33 exited with code 0
2022/11/20 10:30:17 [notice] 1#1: exit
2022/11/20 10:30:19 [notice] 1#1: using the "epoll" event method
2022/11/20 10:30:19 [notice] 1#1: nginx/1.23.2
2022/11/20 10:30:19 [notice] 1#1: built by gcc 10.2.1 20210110 (Debian 10.2.1-6) 
2022/11/20 10:30:19 [notice] 1#1: OS: Linux 5.10.16.3-microsoft-standard-WSL2
2022/11/20 10:30:19 [notice] 1#1: getrlimit(RLIMIT_NOFILE): 1048576:1048576
2022/11/20 10:30:19 [notice] 1#1: start worker processes
2022/11/20 10:30:19 [notice] 1#1: start worker process 31
2022/11/20 10:30:19 [notice] 1#1: start worker process 32
2022/11/20 10:30:19 [notice] 1#1: start worker process 33
2022/11/20 10:30:19 [notice] 1#1: start worker process 34
2022/11/20 10:30:19 [notice] 1#1: start worker process 35
2022/11/20 10:30:19 [notice] 1#1: start worker process 36
2022/11/20 10:30:19 [notice] 1#1: start worker process 37
2022/11/20 10:30:19 [notice] 1#1: start worker process 38
2022/11/20 10:30:19 [notice] 1#1: start worker process 39
2022/11/20 10:30:19 [notice] 1#1: start worker process 40
2022/11/20 10:30:19 [notice] 1#1: start worker process 41
2022/11/20 10:30:19 [notice] 1#1: start worker process 42
2022/11/20 10:31:36 [notice] 1#1: signal 3 (SIGQUIT) received, shutting down
2022/11/20 10:31:36 [notice] 31#31: gracefully shutting down
2022/11/20 10:31:36 [notice] 31#31: exiting
2022/11/20 10:31:36 [notice] 32#32: gracefully shutting down
2022/11/20 10:31:36 [notice] 33#33: gracefully shutting down
2022/11/20 10:31:36 [notice] 32#32: exiting
2022/11/20 10:31:36 [notice] 33#33: exiting
2022/11/20 10:31:36 [notice] 31#31: exit
2022/11/20 10:31:36 [notice] 34#34: gracefully shutting down
2022/11/20 10:31:36 [notice] 35#35: gracefully shutting down
2022/11/20 10:31:36 [notice] 32#32: exit
2022/11/20 10:31:36 [notice] 34#34: exiting
2022/11/20 10:31:36 [notice] 36#36: gracefully shutting down
2022/11/20 10:31:36 [notice] 35#35: exiting
2022/11/20 10:31:36 [notice] 33#33: exit
2022/11/20 10:31:36 [notice] 37#37: gracefully shutting down
2022/11/20 10:31:36 [notice] 36#36: exiting
2022/11/20 10:31:36 [notice] 34#34: exit
2022/11/20 10:31:36 [notice] 38#38: gracefully shutting down
2022/11/20 10:31:36 [notice] 37#37: exiting
2022/11/20 10:31:36 [notice] 35#35: exit
2022/11/20 10:31:36 [notice] 36#36: exit
2022/11/20 10:31:36 [notice] 38#38: exiting
2022/11/20 10:31:36 [notice] 39#39: gracefully shutting down
2022/11/20 10:31:36 [notice] 40#40: gracefully shutting down
2022/11/20 10:31:36 [notice] 37#37: exit
2022/11/20 10:31:36 [notice] 39#39: exiting
2022/11/20 10:31:36 [notice] 40#40: exiting
2022/11/20 10:31:36 [notice] 38#38: exit
2022/11/20 10:31:36 [notice] 39#39: exit
2022/11/20 10:31:36 [notice] 40#40: exit
2022/11/20 10:31:36 [notice] 41#41: gracefully shutting down
2022/11/20 10:31:36 [notice] 41#41: exiting
2022/11/20 10:31:36 [notice] 41#41: exit
2022/11/20 10:31:36 [notice] 42#42: gracefully shutting down
2022/11/20 10:31:36 [notice] 42#42: exiting
2022/11/20 10:31:36 [notice] 42#42: exit
2022/11/20 10:31:36 [notice] 1#1: signal 17 (SIGCHLD) received from 31
2022/11/20 10:31:36 [notice] 1#1: worker process 31 exited with code 0
2022/11/20 10:31:36 [notice] 1#1: signal 29 (SIGIO) received
2022/11/20 10:31:36 [notice] 1#1: signal 17 (SIGCHLD) received from 38
2022/11/20 10:31:36 [notice] 1#1: worker process 36 exited with code 0
2022/11/20 10:31:36 [notice] 1#1: worker process 38 exited with code 0
2022/11/20 10:31:36 [notice] 1#1: worker process 39 exited with code 0
2022/11/20 10:31:36 [notice] 1#1: signal 29 (SIGIO) received
2022/11/20 10:31:36 [notice] 1#1: signal 17 (SIGCHLD) received from 36
2022/11/20 10:31:36 [notice] 1#1: worker process 34 exited with code 0
2022/11/20 10:31:36 [notice] 1#1: worker process 33 exited with code 0
2022/11/20 10:31:36 [notice] 1#1: worker process 37 exited with code 0
2022/11/20 10:31:36 [notice] 1#1: worker process 42 exited with code 0
2022/11/20 10:31:36 [notice] 1#1: signal 29 (SIGIO) received
2022/11/20 10:31:36 [notice] 1#1: signal 17 (SIGCHLD) received from 33
2022/11/20 10:31:36 [notice] 1#1: signal 17 (SIGCHLD) received from 32
2022/11/20 10:31:36 [notice] 1#1: worker process 32 exited with code 0
2022/11/20 10:31:36 [notice] 1#1: signal 29 (SIGIO) received
2022/11/20 10:31:36 [notice] 1#1: signal 17 (SIGCHLD) received from 35
2022/11/20 10:31:36 [notice] 1#1: worker process 35 exited with code 0
2022/11/20 10:31:36 [notice] 1#1: worker process 41 exited with code 0
2022/11/20 10:31:36 [notice] 1#1: signal 29 (SIGIO) received
2022/11/20 10:31:36 [notice] 1#1: signal 17 (SIGCHLD) received from 40
2022/11/20 10:31:36 [notice] 1#1: worker process 40 exited with code 0
2022/11/20 10:31:36 [notice] 1#1: exit
2022/11/20 10:31:43 [notice] 1#1: using the "epoll" event method
2022/11/20 10:31:43 [notice] 1#1: nginx/1.23.2
2022/11/20 10:31:43 [notice] 1#1: built by gcc 10.2.1 20210110 (Debian 10.2.1-6) 
2022/11/20 10:31:43 [notice] 1#1: OS: Linux 5.10.16.3-microsoft-standard-WSL2
2022/11/20 10:31:43 [notice] 1#1: getrlimit(RLIMIT_NOFILE): 1048576:1048576
2022/11/20 10:31:43 [notice] 1#1: start worker processes
2022/11/20 10:31:43 [notice] 1#1: start worker process 22
2022/11/20 10:31:43 [notice] 1#1: start worker process 23
2022/11/20 10:31:43 [notice] 1#1: start worker process 24
2022/11/20 10:31:43 [notice] 1#1: start worker process 25
2022/11/20 10:31:43 [notice] 1#1: start worker process 26
2022/11/20 10:31:43 [notice] 1#1: start worker process 27
2022/11/20 10:31:43 [notice] 1#1: start worker process 28
2022/11/20 10:31:43 [notice] 1#1: start worker process 29
2022/11/20 10:31:43 [notice] 1#1: start worker process 30
2022/11/20 10:31:43 [notice] 1#1: start worker process 31
2022/11/20 10:31:43 [notice] 1#1: start worker process 32
2022/11/20 10:31:43 [notice] 1#1: start worker process 33
2022/11/20 10:38:20 [notice] 1#1: using the "epoll" event method
2022/11/20 10:38:20 [notice] 1#1: nginx/1.23.2
2022/11/20 10:38:20 [notice] 1#1: built by gcc 10.2.1 20210110 (Debian 10.2.1-6) 
2022/11/20 10:38:20 [notice] 1#1: OS: Linux 5.10.16.3-microsoft-standard-WSL2
2022/11/20 10:38:20 [notice] 1#1: getrlimit(RLIMIT_NOFILE): 1048576:1048576
2022/11/20 10:38:20 [notice] 1#1: start worker processes
2022/11/20 10:38:20 [notice] 1#1: start worker process 30
2022/11/20 10:38:20 [notice] 1#1: start worker process 31
2022/11/20 10:38:20 [notice] 1#1: start worker process 32
2022/11/20 10:38:20 [notice] 1#1: start worker process 33
2022/11/20 10:38:20 [notice] 1#1: start worker process 34
2022/11/20 10:38:20 [notice] 1#1: start worker process 35
2022/11/20 10:38:20 [notice] 1#1: start worker process 36
2022/11/20 10:38:20 [notice] 1#1: start worker process 37
2022/11/20 10:38:20 [notice] 1#1: start worker process 38
2022/11/20 10:38:20 [notice] 1#1: start worker process 39
2022/11/20 10:38:20 [notice] 1#1: start worker process 40
2022/11/20 10:38:20 [notice] 1#1: start worker process 41
2022/11/20 10:38:29 [crit] 30#30: *1 realpath() "/var/www/html" failed (2: No such file or directory), client: 172.22.0.1, server: localhost, request: "GET / HTTP/1.1", host: "172.23.106.37:8081"
2022/11/20 10:38:29 [error] 30#30: *1 connect() failed (111: Connection refused) while connecting to upstream, client: 172.22.0.1, server: localhost, request: "GET / HTTP/1.1", upstream: "fastcgi://127.0.0.1:9000", host: "172.23.106.37:8081"
2022/11/20 10:42:37 [notice] 1#1: signal 3 (SIGQUIT) received, shutting down
2022/11/20 10:42:37 [notice] 30#30: gracefully shutting down
2022/11/20 10:42:37 [notice] 30#30: exiting
2022/11/20 10:42:37 [notice] 31#31: gracefully shutting down
2022/11/20 10:42:37 [notice] 31#31: exiting
2022/11/20 10:42:37 [notice] 32#32: gracefully shutting down
2022/11/20 10:42:37 [notice] 33#33: gracefully shutting down
2022/11/20 10:42:37 [notice] 32#32: exiting
2022/11/20 10:42:37 [notice] 35#35: gracefully shutting down
2022/11/20 10:42:37 [notice] 33#33: exiting
2022/11/20 10:42:37 [notice] 35#35: exiting
2022/11/20 10:42:37 [notice] 40#40: gracefully shutting down
2022/11/20 10:42:37 [notice] 36#36: gracefully shutting down
2022/11/20 10:42:37 [notice] 40#40: exiting
2022/11/20 10:42:37 [notice] 36#36: exiting
2022/11/20 10:42:37 [notice] 30#30: exit
2022/11/20 10:42:37 [notice] 31#31: exit
2022/11/20 10:42:37 [notice] 32#32: exit
2022/11/20 10:42:37 [notice] 33#33: exit
2022/11/20 10:42:37 [notice] 35#35: exit
2022/11/20 10:42:37 [notice] 40#40: exit
2022/11/20 10:42:37 [notice] 36#36: exit
2022/11/20 10:42:37 [notice] 37#37: gracefully shutting down
2022/11/20 10:42:37 [notice] 37#37: exiting
2022/11/20 10:42:37 [notice] 34#34: gracefully shutting down
2022/11/20 10:42:37 [notice] 34#34: exiting
2022/11/20 10:42:37 [notice] 41#41: gracefully shutting down
2022/11/20 10:42:37 [notice] 41#41: exiting
2022/11/20 10:42:37 [notice] 37#37: exit
2022/11/20 10:42:37 [notice] 34#34: exit
2022/11/20 10:42:37 [notice] 39#39: gracefully shutting down
2022/11/20 10:42:37 [notice] 39#39: exiting
2022/11/20 10:42:37 [notice] 41#41: exit
2022/11/20 10:42:37 [notice] 39#39: exit
2022/11/20 10:42:37 [notice] 38#38: gracefully shutting down
2022/11/20 10:42:37 [notice] 38#38: exiting
2022/11/20 10:42:37 [notice] 38#38: exit
2022/11/20 10:42:38 [notice] 1#1: signal 17 (SIGCHLD) received from 39
2022/11/20 10:42:38 [notice] 1#1: worker process 33 exited with code 0
2022/11/20 10:42:38 [notice] 1#1: worker process 39 exited with code 0
2022/11/20 10:42:38 [notice] 1#1: signal 29 (SIGIO) received
2022/11/20 10:42:38 [notice] 1#1: signal 17 (SIGCHLD) received from 33
2022/11/20 10:42:38 [notice] 1#1: signal 17 (SIGCHLD) received from 32
2022/11/20 10:42:38 [notice] 1#1: worker process 32 exited with code 0
2022/11/20 10:42:38 [notice] 1#1: worker process 36 exited with code 0
2022/11/20 10:42:38 [notice] 1#1: worker process 38 exited with code 0
2022/11/20 10:42:38 [notice] 1#1: signal 29 (SIGIO) received
2022/11/20 10:42:38 [notice] 1#1: signal 17 (SIGCHLD) received from 37
2022/11/20 10:42:38 [notice] 1#1: worker process 37 exited with code 0
2022/11/20 10:42:38 [notice] 1#1: worker process 41 exited with code 0
2022/11/20 10:42:38 [notice] 1#1: signal 29 (SIGIO) received
2022/11/20 10:42:38 [notice] 1#1: signal 17 (SIGCHLD) received from 40
2022/11/20 10:42:38 [notice] 1#1: worker process 31 exited with code 0
2022/11/20 10:42:38 [notice] 1#1: worker process 40 exited with code 0
2022/11/20 10:42:38 [notice] 1#1: signal 29 (SIGIO) received
2022/11/20 10:42:38 [notice] 1#1: signal 17 (SIGCHLD) received from 35
2022/11/20 10:42:38 [notice] 1#1: worker process 30 exited with code 0
2022/11/20 10:42:38 [notice] 1#1: worker process 34 exited with code 0
2022/11/20 10:42:38 [notice] 1#1: worker process 35 exited with code 0
2022/11/20 10:42:38 [notice] 1#1: exit
2022/11/20 10:42:42 [notice] 1#1: using the "epoll" event method
2022/11/20 10:42:42 [notice] 1#1: nginx/1.23.2
2022/11/20 10:42:42 [notice] 1#1: built by gcc 10.2.1 20210110 (Debian 10.2.1-6) 
2022/11/20 10:42:42 [notice] 1#1: OS: Linux 5.10.16.3-microsoft-standard-WSL2
2022/11/20 10:42:42 [notice] 1#1: getrlimit(RLIMIT_NOFILE): 1048576:1048576
2022/11/20 10:42:42 [notice] 1#1: start worker processes
2022/11/20 10:42:42 [notice] 1#1: start worker process 30
2022/11/20 10:42:42 [notice] 1#1: start worker process 31
2022/11/20 10:42:42 [notice] 1#1: start worker process 32
2022/11/20 10:42:42 [notice] 1#1: start worker process 33
2022/11/20 10:42:42 [notice] 1#1: start worker process 34
2022/11/20 10:42:42 [notice] 1#1: start worker process 35
2022/11/20 10:42:42 [notice] 1#1: start worker process 36
2022/11/20 10:42:42 [notice] 1#1: start worker process 37
2022/11/20 10:42:42 [notice] 1#1: start worker process 38
2022/11/20 10:42:42 [notice] 1#1: start worker process 39
2022/11/20 10:42:42 [notice] 1#1: start worker process 40
2022/11/20 10:42:42 [notice] 1#1: start worker process 41
2022/11/20 10:46:30 [notice] 1#1: signal 3 (SIGQUIT) received, shutting down
2022/11/20 10:46:30 [notice] 30#30: gracefully shutting down
2022/11/20 10:46:30 [notice] 31#31: gracefully shutting down
2022/11/20 10:46:30 [notice] 30#30: exiting
2022/11/20 10:46:30 [notice] 32#32: gracefully shutting down
2022/11/20 10:46:30 [notice] 31#31: exiting
2022/11/20 10:46:30 [notice] 32#32: exiting
2022/11/20 10:46:30 [notice] 33#33: gracefully shutting down
2022/11/20 10:46:30 [notice] 34#34: gracefully shutting down
2022/11/20 10:46:30 [notice] 33#33: exiting
2022/11/20 10:46:30 [notice] 34#34: exiting
2022/11/20 10:46:30 [notice] 35#35: gracefully shutting down
2022/11/20 10:46:30 [notice] 36#36: gracefully shutting down
2022/11/20 10:46:30 [notice] 35#35: exiting
2022/11/20 10:46:30 [notice] 30#30: exit
2022/11/20 10:46:30 [notice] 32#32: exit
2022/11/20 10:46:30 [notice] 37#37: gracefully shutting down
2022/11/20 10:46:30 [notice] 36#36: exiting
2022/11/20 10:46:30 [notice] 38#38: gracefully shutting down
2022/11/20 10:46:30 [notice] 37#37: exiting
2022/11/20 10:46:30 [notice] 39#39: gracefully shutting down
2022/11/20 10:46:30 [notice] 38#38: exiting
2022/11/20 10:46:30 [notice] 31#31: exit
2022/11/20 10:46:30 [notice] 39#39: exiting
2022/11/20 10:46:30 [notice] 33#33: exit
2022/11/20 10:46:30 [notice] 34#34: exit
2022/11/20 10:46:30 [notice] 35#35: exit
2022/11/20 10:46:30 [notice] 36#36: exit
2022/11/20 10:46:30 [notice] 39#39: exit
2022/11/20 10:46:30 [notice] 37#37: exit
2022/11/20 10:46:30 [notice] 38#38: exit
2022/11/20 10:46:30 [notice] 40#40: gracefully shutting down
2022/11/20 10:46:30 [notice] 40#40: exiting
2022/11/20 10:46:30 [notice] 41#41: gracefully shutting down
2022/11/20 10:46:30 [notice] 41#41: exiting
2022/11/20 10:46:30 [notice] 40#40: exit
2022/11/20 10:46:30 [notice] 41#41: exit
2022/11/20 10:46:30 [notice] 1#1: signal 17 (SIGCHLD) received from 31
2022/11/20 10:46:30 [notice] 1#1: worker process 31 exited with code 0
2022/11/20 10:46:30 [notice] 1#1: signal 29 (SIGIO) received
2022/11/20 10:46:30 [notice] 1#1: signal 17 (SIGCHLD) received from 34
2022/11/20 10:46:30 [notice] 1#1: worker process 33 exited with code 0
2022/11/20 10:46:30 [notice] 1#1: worker process 34 exited with code 0
2022/11/20 10:46:30 [notice] 1#1: worker process 37 exited with code 0
2022/11/20 10:46:30 [notice] 1#1: worker process 38 exited with code 0
2022/11/20 10:46:30 [notice] 1#1: worker process 40 exited with code 0
2022/11/20 10:46:30 [notice] 1#1: worker process 41 exited with code 0
2022/11/20 10:46:30 [notice] 1#1: signal 29 (SIGIO) received
2022/11/20 10:46:30 [notice] 1#1: signal 17 (SIGCHLD) received from 32
2022/11/20 10:46:30 [notice] 1#1: worker process 32 exited with code 0
2022/11/20 10:46:30 [notice] 1#1: signal 29 (SIGIO) received
2022/11/20 10:46:30 [notice] 1#1: signal 17 (SIGCHLD) received from 30
2022/11/20 10:46:30 [notice] 1#1: worker process 30 exited with code 0
2022/11/20 10:46:30 [notice] 1#1: worker process 35 exited with code 0
2022/11/20 10:46:30 [notice] 1#1: signal 29 (SIGIO) received
2022/11/20 10:46:30 [notice] 1#1: signal 17 (SIGCHLD) received from 39
2022/11/20 10:46:30 [notice] 1#1: worker process 39 exited with code 0
2022/11/20 10:46:30 [notice] 1#1: signal 29 (SIGIO) received
2022/11/20 10:46:30 [notice] 1#1: signal 17 (SIGCHLD) received from 36
2022/11/20 10:46:30 [notice] 1#1: worker process 36 exited with code 0
2022/11/20 10:46:30 [notice] 1#1: exit
2022/11/20 10:46:34 [notice] 1#1: using the "epoll" event method
2022/11/20 10:46:34 [notice] 1#1: nginx/1.23.2
2022/11/20 10:46:34 [notice] 1#1: built by gcc 10.2.1 20210110 (Debian 10.2.1-6) 
2022/11/20 10:46:34 [notice] 1#1: OS: Linux 5.10.16.3-microsoft-standard-WSL2
2022/11/20 10:46:34 [notice] 1#1: getrlimit(RLIMIT_NOFILE): 1048576:1048576
2022/11/20 10:46:34 [notice] 1#1: start worker processes
2022/11/20 10:46:34 [notice] 1#1: start worker process 30
2022/11/20 10:46:34 [notice] 1#1: start worker process 31
2022/11/20 10:46:34 [notice] 1#1: start worker process 32
2022/11/20 10:46:34 [notice] 1#1: start worker process 33
2022/11/20 10:46:34 [notice] 1#1: start worker process 34
2022/11/20 10:46:34 [notice] 1#1: start worker process 35
2022/11/20 10:46:34 [notice] 1#1: start worker process 36
2022/11/20 10:46:34 [notice] 1#1: start worker process 37
2022/11/20 10:46:34 [notice] 1#1: start worker process 38
2022/11/20 10:46:34 [notice] 1#1: start worker process 39
2022/11/20 10:46:34 [notice] 1#1: start worker process 40
2022/11/20 10:46:34 [notice] 1#1: start worker process 41
2022/11/20 10:50:41 [notice] 1#1: signal 3 (SIGQUIT) received, shutting down
2022/11/20 10:50:41 [notice] 30#30: gracefully shutting down
2022/11/20 10:50:41 [notice] 32#32: gracefully shutting down
2022/11/20 10:50:41 [notice] 30#30: exiting
2022/11/20 10:50:41 [notice] 31#31: gracefully shutting down
2022/11/20 10:50:41 [notice] 33#33: gracefully shutting down
2022/11/20 10:50:41 [notice] 32#32: exiting
2022/11/20 10:50:41 [notice] 31#31: exiting
2022/11/20 10:50:41 [notice] 36#36: gracefully shutting down
2022/11/20 10:50:41 [notice] 33#33: exiting
2022/11/20 10:50:41 [notice] 37#37: gracefully shutting down
2022/11/20 10:50:41 [notice] 36#36: exiting
2022/11/20 10:50:41 [notice] 38#38: gracefully shutting down
2022/11/20 10:50:41 [notice] 37#37: exiting
2022/11/20 10:50:41 [notice] 40#40: gracefully shutting down
2022/11/20 10:50:41 [notice] 39#39: gracefully shutting down
2022/11/20 10:50:41 [notice] 38#38: exiting
2022/11/20 10:50:41 [notice] 41#41: gracefully shutting down
2022/11/20 10:50:41 [notice] 32#32: exit
2022/11/20 10:50:41 [notice] 31#31: exit
2022/11/20 10:50:41 [notice] 30#30: exit
2022/11/20 10:50:41 [notice] 39#39: exiting
2022/11/20 10:50:41 [notice] 33#33: exit
2022/11/20 10:50:41 [notice] 41#41: exiting
2022/11/20 10:50:41 [notice] 36#36: exit
2022/11/20 10:50:41 [notice] 40#40: exiting
2022/11/20 10:50:41 [notice] 37#37: exit
2022/11/20 10:50:41 [notice] 38#38: exit
2022/11/20 10:50:41 [notice] 39#39: exit
2022/11/20 10:50:41 [notice] 41#41: exit
2022/11/20 10:50:41 [notice] 40#40: exit
2022/11/20 10:50:41 [notice] 34#34: gracefully shutting down
2022/11/20 10:50:41 [notice] 35#35: gracefully shutting down
2022/11/20 10:50:41 [notice] 35#35: exiting
2022/11/20 10:50:41 [notice] 34#34: exiting
2022/11/20 10:50:41 [notice] 35#35: exit
2022/11/20 10:50:41 [notice] 34#34: exit
2022/11/20 10:50:41 [notice] 1#1: signal 17 (SIGCHLD) received from 40
2022/11/20 10:50:41 [notice] 1#1: worker process 40 exited with code 0
2022/11/20 10:50:41 [notice] 1#1: signal 29 (SIGIO) received
2022/11/20 10:50:41 [notice] 1#1: signal 17 (SIGCHLD) received from 41
2022/11/20 10:50:41 [notice] 1#1: worker process 30 exited with code 0
2022/11/20 10:50:41 [notice] 1#1: worker process 31 exited with code 0
2022/11/20 10:50:41 [notice] 1#1: worker process 33 exited with code 0
2022/11/20 10:50:41 [notice] 1#1: worker process 36 exited with code 0
2022/11/20 10:50:41 [notice] 1#1: worker process 37 exited with code 0
2022/11/20 10:50:41 [notice] 1#1: worker process 39 exited with code 0
2022/11/20 10:50:41 [notice] 1#1: worker process 41 exited with code 0
2022/11/20 10:50:41 [notice] 1#1: signal 29 (SIGIO) received
2022/11/20 10:50:41 [notice] 1#1: signal 17 (SIGCHLD) received from 37
2022/11/20 10:50:41 [notice] 1#1: signal 17 (SIGCHLD) received from 34
2022/11/20 10:50:41 [notice] 1#1: worker process 34 exited with code 0
2022/11/20 10:50:41 [notice] 1#1: signal 29 (SIGIO) received
2022/11/20 10:50:41 [notice] 1#1: signal 17 (SIGCHLD) received from 35
2022/11/20 10:50:41 [notice] 1#1: worker process 35 exited with code 0
2022/11/20 10:50:41 [notice] 1#1: signal 29 (SIGIO) received
2022/11/20 10:50:41 [notice] 1#1: signal 17 (SIGCHLD) received from 32
2022/11/20 10:50:41 [notice] 1#1: worker process 32 exited with code 0
2022/11/20 10:50:41 [notice] 1#1: signal 29 (SIGIO) received
2022/11/20 10:50:41 [notice] 1#1: signal 17 (SIGCHLD) received from 38
2022/11/20 10:50:41 [notice] 1#1: worker process 38 exited with code 0
2022/11/20 10:50:41 [notice] 1#1: exit
2022/11/20 10:50:50 [notice] 1#1: using the "epoll" event method
2022/11/20 10:50:50 [notice] 1#1: nginx/1.23.2
2022/11/20 10:50:50 [notice] 1#1: built by gcc 10.2.1 20210110 (Debian 10.2.1-6) 
2022/11/20 10:50:50 [notice] 1#1: OS: Linux 5.10.16.3-microsoft-standard-WSL2
2022/11/20 10:50:50 [notice] 1#1: getrlimit(RLIMIT_NOFILE): 1048576:1048576
2022/11/20 10:50:50 [notice] 1#1: start worker processes
2022/11/20 10:50:50 [notice] 1#1: start worker process 30
2022/11/20 10:50:50 [notice] 1#1: start worker process 31
2022/11/20 10:50:50 [notice] 1#1: start worker process 32
2022/11/20 10:50:50 [notice] 1#1: start worker process 33
2022/11/20 10:50:50 [notice] 1#1: start worker process 34
2022/11/20 10:50:50 [notice] 1#1: start worker process 35
2022/11/20 10:50:50 [notice] 1#1: start worker process 36
2022/11/20 10:50:50 [notice] 1#1: start worker process 37
2022/11/20 10:50:50 [notice] 1#1: start worker process 38
2022/11/20 10:50:50 [notice] 1#1: start worker process 39
2022/11/20 10:50:50 [notice] 1#1: start worker process 40
2022/11/20 10:50:50 [notice] 1#1: start worker process 41
2022/11/20 11:37:26 [warn] 1#1: the "ssl" directive is deprecated, use the "listen ... ssl" directive instead in /etc/nginx/conf.d/default.conf:35
2022/11/20 11:37:26 [emerg] 1#1: host not found in upstream "php" in /etc/nginx/conf.d/default.conf:56
2022/11/20 11:38:48 [emerg] 1#1: host not found in upstream "php" in /etc/nginx/conf.d/default.conf:55
2022/11/20 11:39:16 [notice] 1#1: using the "epoll" event method
2022/11/20 11:39:16 [notice] 1#1: nginx/1.23.2
2022/11/20 11:39:16 [notice] 1#1: built by gcc 10.2.1 20210110 (Debian 10.2.1-6) 
2022/11/20 11:39:16 [notice] 1#1: OS: Linux 5.10.16.3-microsoft-standard-WSL2
2022/11/20 11:39:16 [notice] 1#1: getrlimit(RLIMIT_NOFILE): 1048576:1048576
2022/11/20 11:39:16 [notice] 1#1: start worker processes
2022/11/20 11:39:16 [notice] 1#1: start worker process 30
2022/11/20 11:39:16 [notice] 1#1: start worker process 31
2022/11/20 11:39:16 [notice] 1#1: start worker process 32
2022/11/20 11:39:16 [notice] 1#1: start worker process 33
2022/11/20 11:39:16 [notice] 1#1: start worker process 34
2022/11/20 11:39:16 [notice] 1#1: start worker process 35
2022/11/20 11:39:16 [notice] 1#1: start worker process 36
2022/11/20 11:39:16 [notice] 1#1: start worker process 37
2022/11/20 11:39:16 [notice] 1#1: start worker process 38
2022/11/20 11:39:16 [notice] 1#1: start worker process 39
2022/11/20 11:39:16 [notice] 1#1: start worker process 40
2022/11/20 11:39:16 [notice] 1#1: start worker process 41
